ARM GAS  C:\Users\Lonnie\AppData\Local\Temp\ccvS9lU2.s 			page 1


   1              		.cpu cortex-m0
   2              		.fpu softvfp
   3              		.eabi_attribute 20, 1
   4              		.eabi_attribute 21, 1
   5              		.eabi_attribute 23, 3
   6              		.eabi_attribute 24, 1
   7              		.eabi_attribute 25, 1
   8              		.eabi_attribute 26, 1
   9              		.eabi_attribute 30, 6
  10              		.eabi_attribute 34, 0
  11              		.eabi_attribute 18, 4
  12              		.code	16
  13              		.file	"ADC_IRQ.c"
  14              		.text
  15              	.Ltext0:
  16              		.cfi_sections	.debug_frame
  17              		.section	.text.ADC_IRQ_Start,"ax",%progbits
  18              		.align	2
  19              		.global	ADC_IRQ_Start
  20              		.code	16
  21              		.thumb_func
  22              		.type	ADC_IRQ_Start, %function
  23              	ADC_IRQ_Start:
  24              	.LFB2:
  25              		.file 1 ".\\Generated_Source\\PSoC4\\ADC_IRQ.c"
   1:.\Generated_Source\PSoC4/ADC_IRQ.c **** /*******************************************************************************
   2:.\Generated_Source\PSoC4/ADC_IRQ.c **** * File Name: ADC_IRQ.c  
   3:.\Generated_Source\PSoC4/ADC_IRQ.c **** * Version 1.70
   4:.\Generated_Source\PSoC4/ADC_IRQ.c **** *
   5:.\Generated_Source\PSoC4/ADC_IRQ.c **** *  Description:
   6:.\Generated_Source\PSoC4/ADC_IRQ.c **** *   API for controlling the state of an interrupt.
   7:.\Generated_Source\PSoC4/ADC_IRQ.c **** *
   8:.\Generated_Source\PSoC4/ADC_IRQ.c **** *
   9:.\Generated_Source\PSoC4/ADC_IRQ.c **** *  Note:
  10:.\Generated_Source\PSoC4/ADC_IRQ.c **** *
  11:.\Generated_Source\PSoC4/ADC_IRQ.c **** ********************************************************************************
  12:.\Generated_Source\PSoC4/ADC_IRQ.c **** * Copyright 2008-2015, Cypress Semiconductor Corporation.  All rights reserved.
  13:.\Generated_Source\PSoC4/ADC_IRQ.c **** * You may use this file only in accordance with the license, terms, conditions, 
  14:.\Generated_Source\PSoC4/ADC_IRQ.c **** * disclaimers, and limitations in the end user license agreement accompanying 
  15:.\Generated_Source\PSoC4/ADC_IRQ.c **** * the software package with which this file was provided.
  16:.\Generated_Source\PSoC4/ADC_IRQ.c **** *******************************************************************************/
  17:.\Generated_Source\PSoC4/ADC_IRQ.c **** 
  18:.\Generated_Source\PSoC4/ADC_IRQ.c **** 
  19:.\Generated_Source\PSoC4/ADC_IRQ.c **** #include <cydevice_trm.h>
  20:.\Generated_Source\PSoC4/ADC_IRQ.c **** #include <CyLib.h>
  21:.\Generated_Source\PSoC4/ADC_IRQ.c **** #include <ADC_IRQ.h>
  22:.\Generated_Source\PSoC4/ADC_IRQ.c **** 
  23:.\Generated_Source\PSoC4/ADC_IRQ.c **** 
  24:.\Generated_Source\PSoC4/ADC_IRQ.c **** #if !defined(ADC_IRQ__REMOVED) /* Check for removal by optimization */
  25:.\Generated_Source\PSoC4/ADC_IRQ.c **** 
  26:.\Generated_Source\PSoC4/ADC_IRQ.c **** /*******************************************************************************
  27:.\Generated_Source\PSoC4/ADC_IRQ.c **** *  Place your includes, defines and code here 
  28:.\Generated_Source\PSoC4/ADC_IRQ.c **** ********************************************************************************/
  29:.\Generated_Source\PSoC4/ADC_IRQ.c **** /* `#START ADC_IRQ_intc` */
  30:.\Generated_Source\PSoC4/ADC_IRQ.c **** 
  31:.\Generated_Source\PSoC4/ADC_IRQ.c **** /* `#END` */
  32:.\Generated_Source\PSoC4/ADC_IRQ.c **** 
ARM GAS  C:\Users\Lonnie\AppData\Local\Temp\ccvS9lU2.s 			page 2


  33:.\Generated_Source\PSoC4/ADC_IRQ.c **** extern cyisraddress CyRamVectors[CYINT_IRQ_BASE + CY_NUM_INTERRUPTS];
  34:.\Generated_Source\PSoC4/ADC_IRQ.c **** 
  35:.\Generated_Source\PSoC4/ADC_IRQ.c **** /* Declared in startup, used to set unused interrupts to. */
  36:.\Generated_Source\PSoC4/ADC_IRQ.c **** CY_ISR_PROTO(IntDefaultHandler);
  37:.\Generated_Source\PSoC4/ADC_IRQ.c **** 
  38:.\Generated_Source\PSoC4/ADC_IRQ.c **** 
  39:.\Generated_Source\PSoC4/ADC_IRQ.c **** /*******************************************************************************
  40:.\Generated_Source\PSoC4/ADC_IRQ.c **** * Function Name: ADC_IRQ_Start
  41:.\Generated_Source\PSoC4/ADC_IRQ.c **** ********************************************************************************
  42:.\Generated_Source\PSoC4/ADC_IRQ.c **** *
  43:.\Generated_Source\PSoC4/ADC_IRQ.c **** * Summary:
  44:.\Generated_Source\PSoC4/ADC_IRQ.c **** *  Set up the interrupt and enable it. This function disables the interrupt, 
  45:.\Generated_Source\PSoC4/ADC_IRQ.c **** *  sets the default interrupt vector, sets the priority from the value in the
  46:.\Generated_Source\PSoC4/ADC_IRQ.c **** *  Design Wide Resources Interrupt Editor, then enables the interrupt to the 
  47:.\Generated_Source\PSoC4/ADC_IRQ.c **** *  interrupt controller.
  48:.\Generated_Source\PSoC4/ADC_IRQ.c **** *
  49:.\Generated_Source\PSoC4/ADC_IRQ.c **** * Parameters:  
  50:.\Generated_Source\PSoC4/ADC_IRQ.c **** *   None
  51:.\Generated_Source\PSoC4/ADC_IRQ.c **** *
  52:.\Generated_Source\PSoC4/ADC_IRQ.c **** * Return:
  53:.\Generated_Source\PSoC4/ADC_IRQ.c **** *   None
  54:.\Generated_Source\PSoC4/ADC_IRQ.c **** *
  55:.\Generated_Source\PSoC4/ADC_IRQ.c **** *******************************************************************************/
  56:.\Generated_Source\PSoC4/ADC_IRQ.c **** void ADC_IRQ_Start(void)
  57:.\Generated_Source\PSoC4/ADC_IRQ.c **** {
  26              		.loc 1 57 0
  27              		.cfi_startproc
  28 0000 80B5     		push	{r7, lr}
  29              		.cfi_def_cfa_offset 8
  30              		.cfi_offset 7, -8
  31              		.cfi_offset 14, -4
  32 0002 00AF     		add	r7, sp, #0
  33              		.cfi_def_cfa_register 7
  58:.\Generated_Source\PSoC4/ADC_IRQ.c ****     /* For all we know the interrupt is active. */
  59:.\Generated_Source\PSoC4/ADC_IRQ.c ****     ADC_IRQ_Disable();
  34              		.loc 1 59 0
  35 0004 FFF7FEFF 		bl	ADC_IRQ_Disable
  60:.\Generated_Source\PSoC4/ADC_IRQ.c **** 
  61:.\Generated_Source\PSoC4/ADC_IRQ.c ****     /* Set the ISR to point to the ADC_IRQ Interrupt. */
  62:.\Generated_Source\PSoC4/ADC_IRQ.c ****     ADC_IRQ_SetVector(&ADC_IRQ_Interrupt);
  36              		.loc 1 62 0
  37 0008 054B     		ldr	r3, .L2
  38 000a 181C     		mov	r0, r3
  39 000c FFF7FEFF 		bl	ADC_IRQ_SetVector
  63:.\Generated_Source\PSoC4/ADC_IRQ.c **** 
  64:.\Generated_Source\PSoC4/ADC_IRQ.c ****     /* Set the priority. */
  65:.\Generated_Source\PSoC4/ADC_IRQ.c ****     ADC_IRQ_SetPriority((uint8)ADC_IRQ_INTC_PRIOR_NUMBER);
  40              		.loc 1 65 0
  41 0010 0320     		mov	r0, #3
  42 0012 FFF7FEFF 		bl	ADC_IRQ_SetPriority
  66:.\Generated_Source\PSoC4/ADC_IRQ.c **** 
  67:.\Generated_Source\PSoC4/ADC_IRQ.c ****     /* Enable it. */
  68:.\Generated_Source\PSoC4/ADC_IRQ.c ****     ADC_IRQ_Enable();
  43              		.loc 1 68 0
  44 0016 FFF7FEFF 		bl	ADC_IRQ_Enable
  69:.\Generated_Source\PSoC4/ADC_IRQ.c **** }
  45              		.loc 1 69 0
ARM GAS  C:\Users\Lonnie\AppData\Local\Temp\ccvS9lU2.s 			page 3


  46 001a BD46     		mov	sp, r7
  47              		@ sp needed
  48 001c 80BD     		pop	{r7, pc}
  49              	.L3:
  50 001e C046     		.align	2
  51              	.L2:
  52 0020 00000000 		.word	ADC_IRQ_Interrupt
  53              		.cfi_endproc
  54              	.LFE2:
  55              		.size	ADC_IRQ_Start, .-ADC_IRQ_Start
  56              		.section	.text.ADC_IRQ_StartEx,"ax",%progbits
  57              		.align	2
  58              		.global	ADC_IRQ_StartEx
  59              		.code	16
  60              		.thumb_func
  61              		.type	ADC_IRQ_StartEx, %function
  62              	ADC_IRQ_StartEx:
  63              	.LFB3:
  70:.\Generated_Source\PSoC4/ADC_IRQ.c **** 
  71:.\Generated_Source\PSoC4/ADC_IRQ.c **** 
  72:.\Generated_Source\PSoC4/ADC_IRQ.c **** /*******************************************************************************
  73:.\Generated_Source\PSoC4/ADC_IRQ.c **** * Function Name: ADC_IRQ_StartEx
  74:.\Generated_Source\PSoC4/ADC_IRQ.c **** ********************************************************************************
  75:.\Generated_Source\PSoC4/ADC_IRQ.c **** *
  76:.\Generated_Source\PSoC4/ADC_IRQ.c **** * Summary:
  77:.\Generated_Source\PSoC4/ADC_IRQ.c **** *  Sets up the interrupt and enables it. This function disables the interrupt,
  78:.\Generated_Source\PSoC4/ADC_IRQ.c **** *  sets the interrupt vector based on the address passed in, sets the priority 
  79:.\Generated_Source\PSoC4/ADC_IRQ.c **** *  from the value in the Design Wide Resources Interrupt Editor, then enables 
  80:.\Generated_Source\PSoC4/ADC_IRQ.c **** *  the interrupt to the interrupt controller.
  81:.\Generated_Source\PSoC4/ADC_IRQ.c **** *  
  82:.\Generated_Source\PSoC4/ADC_IRQ.c **** *  When defining ISR functions, the CY_ISR and CY_ISR_PROTO macros should be 
  83:.\Generated_Source\PSoC4/ADC_IRQ.c **** *  used to provide consistent definition across compilers:
  84:.\Generated_Source\PSoC4/ADC_IRQ.c **** *  
  85:.\Generated_Source\PSoC4/ADC_IRQ.c **** *  Function definition example:
  86:.\Generated_Source\PSoC4/ADC_IRQ.c **** *   CY_ISR(MyISR)
  87:.\Generated_Source\PSoC4/ADC_IRQ.c **** *   {
  88:.\Generated_Source\PSoC4/ADC_IRQ.c **** *   }
  89:.\Generated_Source\PSoC4/ADC_IRQ.c **** *   Function prototype example:
  90:.\Generated_Source\PSoC4/ADC_IRQ.c **** *   CY_ISR_PROTO(MyISR);
  91:.\Generated_Source\PSoC4/ADC_IRQ.c **** *
  92:.\Generated_Source\PSoC4/ADC_IRQ.c **** * Parameters:  
  93:.\Generated_Source\PSoC4/ADC_IRQ.c **** *   address: Address of the ISR to set in the interrupt vector table.
  94:.\Generated_Source\PSoC4/ADC_IRQ.c **** *
  95:.\Generated_Source\PSoC4/ADC_IRQ.c **** * Return:
  96:.\Generated_Source\PSoC4/ADC_IRQ.c **** *   None
  97:.\Generated_Source\PSoC4/ADC_IRQ.c **** *
  98:.\Generated_Source\PSoC4/ADC_IRQ.c **** *******************************************************************************/
  99:.\Generated_Source\PSoC4/ADC_IRQ.c **** void ADC_IRQ_StartEx(cyisraddress address)
 100:.\Generated_Source\PSoC4/ADC_IRQ.c **** {
  64              		.loc 1 100 0
  65              		.cfi_startproc
  66 0000 80B5     		push	{r7, lr}
  67              		.cfi_def_cfa_offset 8
  68              		.cfi_offset 7, -8
  69              		.cfi_offset 14, -4
  70 0002 82B0     		sub	sp, sp, #8
  71              		.cfi_def_cfa_offset 16
ARM GAS  C:\Users\Lonnie\AppData\Local\Temp\ccvS9lU2.s 			page 4


  72 0004 00AF     		add	r7, sp, #0
  73              		.cfi_def_cfa_register 7
  74 0006 7860     		str	r0, [r7, #4]
 101:.\Generated_Source\PSoC4/ADC_IRQ.c ****     /* For all we know the interrupt is active. */
 102:.\Generated_Source\PSoC4/ADC_IRQ.c ****     ADC_IRQ_Disable();
  75              		.loc 1 102 0
  76 0008 FFF7FEFF 		bl	ADC_IRQ_Disable
 103:.\Generated_Source\PSoC4/ADC_IRQ.c **** 
 104:.\Generated_Source\PSoC4/ADC_IRQ.c ****     /* Set the ISR to point to the ADC_IRQ Interrupt. */
 105:.\Generated_Source\PSoC4/ADC_IRQ.c ****     ADC_IRQ_SetVector(address);
  77              		.loc 1 105 0
  78 000c 7B68     		ldr	r3, [r7, #4]
  79 000e 181C     		mov	r0, r3
  80 0010 FFF7FEFF 		bl	ADC_IRQ_SetVector
 106:.\Generated_Source\PSoC4/ADC_IRQ.c **** 
 107:.\Generated_Source\PSoC4/ADC_IRQ.c ****     /* Set the priority. */
 108:.\Generated_Source\PSoC4/ADC_IRQ.c ****     ADC_IRQ_SetPriority((uint8)ADC_IRQ_INTC_PRIOR_NUMBER);
  81              		.loc 1 108 0
  82 0014 0320     		mov	r0, #3
  83 0016 FFF7FEFF 		bl	ADC_IRQ_SetPriority
 109:.\Generated_Source\PSoC4/ADC_IRQ.c **** 
 110:.\Generated_Source\PSoC4/ADC_IRQ.c ****     /* Enable it. */
 111:.\Generated_Source\PSoC4/ADC_IRQ.c ****     ADC_IRQ_Enable();
  84              		.loc 1 111 0
  85 001a FFF7FEFF 		bl	ADC_IRQ_Enable
 112:.\Generated_Source\PSoC4/ADC_IRQ.c **** }
  86              		.loc 1 112 0
  87 001e BD46     		mov	sp, r7
  88 0020 02B0     		add	sp, sp, #8
  89              		@ sp needed
  90 0022 80BD     		pop	{r7, pc}
  91              		.cfi_endproc
  92              	.LFE3:
  93              		.size	ADC_IRQ_StartEx, .-ADC_IRQ_StartEx
  94              		.section	.text.ADC_IRQ_Stop,"ax",%progbits
  95              		.align	2
  96              		.global	ADC_IRQ_Stop
  97              		.code	16
  98              		.thumb_func
  99              		.type	ADC_IRQ_Stop, %function
 100              	ADC_IRQ_Stop:
 101              	.LFB4:
 113:.\Generated_Source\PSoC4/ADC_IRQ.c **** 
 114:.\Generated_Source\PSoC4/ADC_IRQ.c **** 
 115:.\Generated_Source\PSoC4/ADC_IRQ.c **** /*******************************************************************************
 116:.\Generated_Source\PSoC4/ADC_IRQ.c **** * Function Name: ADC_IRQ_Stop
 117:.\Generated_Source\PSoC4/ADC_IRQ.c **** ********************************************************************************
 118:.\Generated_Source\PSoC4/ADC_IRQ.c **** *
 119:.\Generated_Source\PSoC4/ADC_IRQ.c **** * Summary:
 120:.\Generated_Source\PSoC4/ADC_IRQ.c **** *   Disables and removes the interrupt.
 121:.\Generated_Source\PSoC4/ADC_IRQ.c **** *
 122:.\Generated_Source\PSoC4/ADC_IRQ.c **** * Parameters:  
 123:.\Generated_Source\PSoC4/ADC_IRQ.c **** *   None
 124:.\Generated_Source\PSoC4/ADC_IRQ.c **** *
 125:.\Generated_Source\PSoC4/ADC_IRQ.c **** * Return:
 126:.\Generated_Source\PSoC4/ADC_IRQ.c **** *   None
 127:.\Generated_Source\PSoC4/ADC_IRQ.c **** *
ARM GAS  C:\Users\Lonnie\AppData\Local\Temp\ccvS9lU2.s 			page 5


 128:.\Generated_Source\PSoC4/ADC_IRQ.c **** *******************************************************************************/
 129:.\Generated_Source\PSoC4/ADC_IRQ.c **** void ADC_IRQ_Stop(void)
 130:.\Generated_Source\PSoC4/ADC_IRQ.c **** {
 102              		.loc 1 130 0
 103              		.cfi_startproc
 104 0000 80B5     		push	{r7, lr}
 105              		.cfi_def_cfa_offset 8
 106              		.cfi_offset 7, -8
 107              		.cfi_offset 14, -4
 108 0002 00AF     		add	r7, sp, #0
 109              		.cfi_def_cfa_register 7
 131:.\Generated_Source\PSoC4/ADC_IRQ.c ****     /* Disable this interrupt. */
 132:.\Generated_Source\PSoC4/ADC_IRQ.c ****     ADC_IRQ_Disable();
 110              		.loc 1 132 0
 111 0004 FFF7FEFF 		bl	ADC_IRQ_Disable
 133:.\Generated_Source\PSoC4/ADC_IRQ.c **** 
 134:.\Generated_Source\PSoC4/ADC_IRQ.c ****     /* Set the ISR to point to the passive one. */
 135:.\Generated_Source\PSoC4/ADC_IRQ.c ****     ADC_IRQ_SetVector(&IntDefaultHandler);
 112              		.loc 1 135 0
 113 0008 024B     		ldr	r3, .L6
 114 000a 181C     		mov	r0, r3
 115 000c FFF7FEFF 		bl	ADC_IRQ_SetVector
 136:.\Generated_Source\PSoC4/ADC_IRQ.c **** }
 116              		.loc 1 136 0
 117 0010 BD46     		mov	sp, r7
 118              		@ sp needed
 119 0012 80BD     		pop	{r7, pc}
 120              	.L7:
 121              		.align	2
 122              	.L6:
 123 0014 00000000 		.word	IntDefaultHandler
 124              		.cfi_endproc
 125              	.LFE4:
 126              		.size	ADC_IRQ_Stop, .-ADC_IRQ_Stop
 127              		.section	.text.ADC_IRQ_Interrupt,"ax",%progbits
 128              		.align	2
 129              		.global	ADC_IRQ_Interrupt
 130              		.code	16
 131              		.thumb_func
 132              		.type	ADC_IRQ_Interrupt, %function
 133              	ADC_IRQ_Interrupt:
 134              	.LFB5:
 137:.\Generated_Source\PSoC4/ADC_IRQ.c **** 
 138:.\Generated_Source\PSoC4/ADC_IRQ.c **** 
 139:.\Generated_Source\PSoC4/ADC_IRQ.c **** /*******************************************************************************
 140:.\Generated_Source\PSoC4/ADC_IRQ.c **** * Function Name: ADC_IRQ_Interrupt
 141:.\Generated_Source\PSoC4/ADC_IRQ.c **** ********************************************************************************
 142:.\Generated_Source\PSoC4/ADC_IRQ.c **** *
 143:.\Generated_Source\PSoC4/ADC_IRQ.c **** * Summary:
 144:.\Generated_Source\PSoC4/ADC_IRQ.c **** *   The default Interrupt Service Routine for ADC_IRQ.
 145:.\Generated_Source\PSoC4/ADC_IRQ.c **** *
 146:.\Generated_Source\PSoC4/ADC_IRQ.c **** *   Add custom code between the START and END comments to keep the next version
 147:.\Generated_Source\PSoC4/ADC_IRQ.c **** *   of this file from over-writing your code.
 148:.\Generated_Source\PSoC4/ADC_IRQ.c **** *
 149:.\Generated_Source\PSoC4/ADC_IRQ.c **** *   Note You may use either the default ISR by using this API, or you may define
 150:.\Generated_Source\PSoC4/ADC_IRQ.c **** *   your own separate ISR through ISR_StartEx().
 151:.\Generated_Source\PSoC4/ADC_IRQ.c **** *
ARM GAS  C:\Users\Lonnie\AppData\Local\Temp\ccvS9lU2.s 			page 6


 152:.\Generated_Source\PSoC4/ADC_IRQ.c **** * Parameters:  
 153:.\Generated_Source\PSoC4/ADC_IRQ.c **** *   None
 154:.\Generated_Source\PSoC4/ADC_IRQ.c **** *
 155:.\Generated_Source\PSoC4/ADC_IRQ.c **** * Return:
 156:.\Generated_Source\PSoC4/ADC_IRQ.c **** *   None
 157:.\Generated_Source\PSoC4/ADC_IRQ.c **** *
 158:.\Generated_Source\PSoC4/ADC_IRQ.c **** *******************************************************************************/
 159:.\Generated_Source\PSoC4/ADC_IRQ.c **** CY_ISR(ADC_IRQ_Interrupt)
 160:.\Generated_Source\PSoC4/ADC_IRQ.c **** {
 135              		.loc 1 160 0
 136              		.cfi_startproc
 137 0000 80B5     		push	{r7, lr}
 138              		.cfi_def_cfa_offset 8
 139              		.cfi_offset 7, -8
 140              		.cfi_offset 14, -4
 141 0002 00AF     		add	r7, sp, #0
 142              		.cfi_def_cfa_register 7
 161:.\Generated_Source\PSoC4/ADC_IRQ.c ****     #ifdef ADC_IRQ_INTERRUPT_INTERRUPT_CALLBACK
 162:.\Generated_Source\PSoC4/ADC_IRQ.c ****         ADC_IRQ_Interrupt_InterruptCallback();
 163:.\Generated_Source\PSoC4/ADC_IRQ.c ****     #endif /* ADC_IRQ_INTERRUPT_INTERRUPT_CALLBACK */ 
 164:.\Generated_Source\PSoC4/ADC_IRQ.c **** 
 165:.\Generated_Source\PSoC4/ADC_IRQ.c ****     /*  Place your Interrupt code here. */
 166:.\Generated_Source\PSoC4/ADC_IRQ.c ****     /* `#START ADC_IRQ_Interrupt` */
 167:.\Generated_Source\PSoC4/ADC_IRQ.c **** 
 168:.\Generated_Source\PSoC4/ADC_IRQ.c ****     /* `#END` */
 169:.\Generated_Source\PSoC4/ADC_IRQ.c **** }
 143              		.loc 1 169 0
 144 0004 BD46     		mov	sp, r7
 145              		@ sp needed
 146 0006 80BD     		pop	{r7, pc}
 147              		.cfi_endproc
 148              	.LFE5:
 149              		.size	ADC_IRQ_Interrupt, .-ADC_IRQ_Interrupt
 150              		.section	.text.ADC_IRQ_SetVector,"ax",%progbits
 151              		.align	2
 152              		.global	ADC_IRQ_SetVector
 153              		.code	16
 154              		.thumb_func
 155              		.type	ADC_IRQ_SetVector, %function
 156              	ADC_IRQ_SetVector:
 157              	.LFB6:
 170:.\Generated_Source\PSoC4/ADC_IRQ.c **** 
 171:.\Generated_Source\PSoC4/ADC_IRQ.c **** 
 172:.\Generated_Source\PSoC4/ADC_IRQ.c **** /*******************************************************************************
 173:.\Generated_Source\PSoC4/ADC_IRQ.c **** * Function Name: ADC_IRQ_SetVector
 174:.\Generated_Source\PSoC4/ADC_IRQ.c **** ********************************************************************************
 175:.\Generated_Source\PSoC4/ADC_IRQ.c **** *
 176:.\Generated_Source\PSoC4/ADC_IRQ.c **** * Summary:
 177:.\Generated_Source\PSoC4/ADC_IRQ.c **** *   Change the ISR vector for the Interrupt. Note calling ADC_IRQ_Start
 178:.\Generated_Source\PSoC4/ADC_IRQ.c **** *   will override any effect this method would have had. To set the vector 
 179:.\Generated_Source\PSoC4/ADC_IRQ.c **** *   before the component has been started use ADC_IRQ_StartEx instead.
 180:.\Generated_Source\PSoC4/ADC_IRQ.c **** * 
 181:.\Generated_Source\PSoC4/ADC_IRQ.c **** *   When defining ISR functions, the CY_ISR and CY_ISR_PROTO macros should be 
 182:.\Generated_Source\PSoC4/ADC_IRQ.c **** *   used to provide consistent definition across compilers:
 183:.\Generated_Source\PSoC4/ADC_IRQ.c **** *
 184:.\Generated_Source\PSoC4/ADC_IRQ.c **** *   Function definition example:
 185:.\Generated_Source\PSoC4/ADC_IRQ.c **** *   CY_ISR(MyISR)
ARM GAS  C:\Users\Lonnie\AppData\Local\Temp\ccvS9lU2.s 			page 7


 186:.\Generated_Source\PSoC4/ADC_IRQ.c **** *   {
 187:.\Generated_Source\PSoC4/ADC_IRQ.c **** *   }
 188:.\Generated_Source\PSoC4/ADC_IRQ.c **** *
 189:.\Generated_Source\PSoC4/ADC_IRQ.c **** *   Function prototype example:
 190:.\Generated_Source\PSoC4/ADC_IRQ.c **** *     CY_ISR_PROTO(MyISR);
 191:.\Generated_Source\PSoC4/ADC_IRQ.c **** *
 192:.\Generated_Source\PSoC4/ADC_IRQ.c **** * Parameters:
 193:.\Generated_Source\PSoC4/ADC_IRQ.c **** *   address: Address of the ISR to set in the interrupt vector table.
 194:.\Generated_Source\PSoC4/ADC_IRQ.c **** *
 195:.\Generated_Source\PSoC4/ADC_IRQ.c **** * Return:
 196:.\Generated_Source\PSoC4/ADC_IRQ.c **** *   None
 197:.\Generated_Source\PSoC4/ADC_IRQ.c **** *
 198:.\Generated_Source\PSoC4/ADC_IRQ.c **** *******************************************************************************/
 199:.\Generated_Source\PSoC4/ADC_IRQ.c **** void ADC_IRQ_SetVector(cyisraddress address)
 200:.\Generated_Source\PSoC4/ADC_IRQ.c **** {
 158              		.loc 1 200 0
 159              		.cfi_startproc
 160 0000 80B5     		push	{r7, lr}
 161              		.cfi_def_cfa_offset 8
 162              		.cfi_offset 7, -8
 163              		.cfi_offset 14, -4
 164 0002 82B0     		sub	sp, sp, #8
 165              		.cfi_def_cfa_offset 16
 166 0004 00AF     		add	r7, sp, #0
 167              		.cfi_def_cfa_register 7
 168 0006 7860     		str	r0, [r7, #4]
 201:.\Generated_Source\PSoC4/ADC_IRQ.c ****     CyRamVectors[CYINT_IRQ_BASE + ADC_IRQ__INTC_NUMBER] = address;
 169              		.loc 1 201 0
 170 0008 024B     		ldr	r3, .L10
 171 000a 7A68     		ldr	r2, [r7, #4]
 172 000c DA67     		str	r2, [r3, #124]
 202:.\Generated_Source\PSoC4/ADC_IRQ.c **** }
 173              		.loc 1 202 0
 174 000e BD46     		mov	sp, r7
 175 0010 02B0     		add	sp, sp, #8
 176              		@ sp needed
 177 0012 80BD     		pop	{r7, pc}
 178              	.L11:
 179              		.align	2
 180              	.L10:
 181 0014 00000000 		.word	CyRamVectors
 182              		.cfi_endproc
 183              	.LFE6:
 184              		.size	ADC_IRQ_SetVector, .-ADC_IRQ_SetVector
 185              		.section	.text.ADC_IRQ_GetVector,"ax",%progbits
 186              		.align	2
 187              		.global	ADC_IRQ_GetVector
 188              		.code	16
 189              		.thumb_func
 190              		.type	ADC_IRQ_GetVector, %function
 191              	ADC_IRQ_GetVector:
 192              	.LFB7:
 203:.\Generated_Source\PSoC4/ADC_IRQ.c **** 
 204:.\Generated_Source\PSoC4/ADC_IRQ.c **** 
 205:.\Generated_Source\PSoC4/ADC_IRQ.c **** /*******************************************************************************
 206:.\Generated_Source\PSoC4/ADC_IRQ.c **** * Function Name: ADC_IRQ_GetVector
 207:.\Generated_Source\PSoC4/ADC_IRQ.c **** ********************************************************************************
ARM GAS  C:\Users\Lonnie\AppData\Local\Temp\ccvS9lU2.s 			page 8


 208:.\Generated_Source\PSoC4/ADC_IRQ.c **** *
 209:.\Generated_Source\PSoC4/ADC_IRQ.c **** * Summary:
 210:.\Generated_Source\PSoC4/ADC_IRQ.c **** *   Gets the "address" of the current ISR vector for the Interrupt.
 211:.\Generated_Source\PSoC4/ADC_IRQ.c **** *
 212:.\Generated_Source\PSoC4/ADC_IRQ.c **** * Parameters:
 213:.\Generated_Source\PSoC4/ADC_IRQ.c **** *   None
 214:.\Generated_Source\PSoC4/ADC_IRQ.c **** *
 215:.\Generated_Source\PSoC4/ADC_IRQ.c **** * Return:
 216:.\Generated_Source\PSoC4/ADC_IRQ.c **** *   Address of the ISR in the interrupt vector table.
 217:.\Generated_Source\PSoC4/ADC_IRQ.c **** *
 218:.\Generated_Source\PSoC4/ADC_IRQ.c **** *******************************************************************************/
 219:.\Generated_Source\PSoC4/ADC_IRQ.c **** cyisraddress ADC_IRQ_GetVector(void)
 220:.\Generated_Source\PSoC4/ADC_IRQ.c **** {
 193              		.loc 1 220 0
 194              		.cfi_startproc
 195 0000 80B5     		push	{r7, lr}
 196              		.cfi_def_cfa_offset 8
 197              		.cfi_offset 7, -8
 198              		.cfi_offset 14, -4
 199 0002 00AF     		add	r7, sp, #0
 200              		.cfi_def_cfa_register 7
 221:.\Generated_Source\PSoC4/ADC_IRQ.c ****     return CyRamVectors[CYINT_IRQ_BASE + ADC_IRQ__INTC_NUMBER];
 201              		.loc 1 221 0
 202 0004 024B     		ldr	r3, .L14
 203 0006 DB6F     		ldr	r3, [r3, #124]
 222:.\Generated_Source\PSoC4/ADC_IRQ.c **** }
 204              		.loc 1 222 0
 205 0008 181C     		mov	r0, r3
 206 000a BD46     		mov	sp, r7
 207              		@ sp needed
 208 000c 80BD     		pop	{r7, pc}
 209              	.L15:
 210 000e C046     		.align	2
 211              	.L14:
 212 0010 00000000 		.word	CyRamVectors
 213              		.cfi_endproc
 214              	.LFE7:
 215              		.size	ADC_IRQ_GetVector, .-ADC_IRQ_GetVector
 216              		.section	.text.ADC_IRQ_SetPriority,"ax",%progbits
 217              		.align	2
 218              		.global	ADC_IRQ_SetPriority
 219              		.code	16
 220              		.thumb_func
 221              		.type	ADC_IRQ_SetPriority, %function
 222              	ADC_IRQ_SetPriority:
 223              	.LFB8:
 223:.\Generated_Source\PSoC4/ADC_IRQ.c **** 
 224:.\Generated_Source\PSoC4/ADC_IRQ.c **** 
 225:.\Generated_Source\PSoC4/ADC_IRQ.c **** /*******************************************************************************
 226:.\Generated_Source\PSoC4/ADC_IRQ.c **** * Function Name: ADC_IRQ_SetPriority
 227:.\Generated_Source\PSoC4/ADC_IRQ.c **** ********************************************************************************
 228:.\Generated_Source\PSoC4/ADC_IRQ.c **** *
 229:.\Generated_Source\PSoC4/ADC_IRQ.c **** * Summary:
 230:.\Generated_Source\PSoC4/ADC_IRQ.c **** *   Sets the Priority of the Interrupt. 
 231:.\Generated_Source\PSoC4/ADC_IRQ.c **** *
 232:.\Generated_Source\PSoC4/ADC_IRQ.c **** *   Note calling ADC_IRQ_Start or ADC_IRQ_StartEx will 
 233:.\Generated_Source\PSoC4/ADC_IRQ.c **** *   override any effect this API would have had. This API should only be called
ARM GAS  C:\Users\Lonnie\AppData\Local\Temp\ccvS9lU2.s 			page 9


 234:.\Generated_Source\PSoC4/ADC_IRQ.c **** *   after ADC_IRQ_Start or ADC_IRQ_StartEx has been called. 
 235:.\Generated_Source\PSoC4/ADC_IRQ.c **** *   To set the initial priority for the component, use the Design-Wide Resources
 236:.\Generated_Source\PSoC4/ADC_IRQ.c **** *   Interrupt Editor.
 237:.\Generated_Source\PSoC4/ADC_IRQ.c **** *
 238:.\Generated_Source\PSoC4/ADC_IRQ.c **** *   Note This API has no effect on Non-maskable interrupt NMI).
 239:.\Generated_Source\PSoC4/ADC_IRQ.c **** *
 240:.\Generated_Source\PSoC4/ADC_IRQ.c **** * Parameters:
 241:.\Generated_Source\PSoC4/ADC_IRQ.c **** *   priority: Priority of the interrupt, 0 being the highest priority
 242:.\Generated_Source\PSoC4/ADC_IRQ.c **** *             PSoC 3 and PSoC 5LP: Priority is from 0 to 7.
 243:.\Generated_Source\PSoC4/ADC_IRQ.c **** *             PSoC 4: Priority is from 0 to 3.
 244:.\Generated_Source\PSoC4/ADC_IRQ.c **** *
 245:.\Generated_Source\PSoC4/ADC_IRQ.c **** * Return:
 246:.\Generated_Source\PSoC4/ADC_IRQ.c **** *   None
 247:.\Generated_Source\PSoC4/ADC_IRQ.c **** *
 248:.\Generated_Source\PSoC4/ADC_IRQ.c **** *******************************************************************************/
 249:.\Generated_Source\PSoC4/ADC_IRQ.c **** void ADC_IRQ_SetPriority(uint8 priority)
 250:.\Generated_Source\PSoC4/ADC_IRQ.c **** {
 224              		.loc 1 250 0
 225              		.cfi_startproc
 226 0000 90B5     		push	{r4, r7, lr}
 227              		.cfi_def_cfa_offset 12
 228              		.cfi_offset 4, -12
 229              		.cfi_offset 7, -8
 230              		.cfi_offset 14, -4
 231 0002 85B0     		sub	sp, sp, #20
 232              		.cfi_def_cfa_offset 32
 233 0004 00AF     		add	r7, sp, #0
 234              		.cfi_def_cfa_register 7
 235 0006 021C     		mov	r2, r0
 236 0008 FB1D     		add	r3, r7, #7
 237 000a 1A70     		strb	r2, [r3]
 251:.\Generated_Source\PSoC4/ADC_IRQ.c **** 	uint8 interruptState;
 252:.\Generated_Source\PSoC4/ADC_IRQ.c ****     uint32 priorityOffset = ((ADC_IRQ__INTC_NUMBER % 4u) * 8u) + 6u;
 238              		.loc 1 252 0
 239 000c 1E23     		mov	r3, #30
 240 000e FB60     		str	r3, [r7, #12]
 253:.\Generated_Source\PSoC4/ADC_IRQ.c ****     
 254:.\Generated_Source\PSoC4/ADC_IRQ.c **** 	interruptState = CyEnterCriticalSection();
 241              		.loc 1 254 0
 242 0010 0B23     		mov	r3, #11
 243 0012 FC18     		add	r4, r7, r3
 244 0014 FFF7FEFF 		bl	CyEnterCriticalSection
 245 0018 031C     		mov	r3, r0
 246 001a 2370     		strb	r3, [r4]
 255:.\Generated_Source\PSoC4/ADC_IRQ.c ****     *ADC_IRQ_INTC_PRIOR = (*ADC_IRQ_INTC_PRIOR & (uint32)(~ADC_IRQ__INTC_PRIOR_MASK)) |
 247              		.loc 1 255 0
 248 001c 0A4B     		ldr	r3, .L17
 249 001e 0A4A     		ldr	r2, .L17
 250 0020 1268     		ldr	r2, [r2]
 251 0022 9200     		lsl	r2, r2, #2
 252 0024 9108     		lsr	r1, r2, #2
 256:.\Generated_Source\PSoC4/ADC_IRQ.c ****                                     ((uint32)priority << priorityOffset);
 253              		.loc 1 256 0
 254 0026 FA1D     		add	r2, r7, #7
 255 0028 1078     		ldrb	r0, [r2]
 256 002a FA68     		ldr	r2, [r7, #12]
 257 002c 9040     		lsl	r0, r0, r2
ARM GAS  C:\Users\Lonnie\AppData\Local\Temp\ccvS9lU2.s 			page 10


 258 002e 021C     		mov	r2, r0
 255:.\Generated_Source\PSoC4/ADC_IRQ.c ****     *ADC_IRQ_INTC_PRIOR = (*ADC_IRQ_INTC_PRIOR & (uint32)(~ADC_IRQ__INTC_PRIOR_MASK)) |
 259              		.loc 1 255 0
 260 0030 0A43     		orr	r2, r1
 261 0032 1A60     		str	r2, [r3]
 257:.\Generated_Source\PSoC4/ADC_IRQ.c **** 	CyExitCriticalSection(interruptState);
 262              		.loc 1 257 0
 263 0034 0B23     		mov	r3, #11
 264 0036 FB18     		add	r3, r7, r3
 265 0038 1B78     		ldrb	r3, [r3]
 266 003a 181C     		mov	r0, r3
 267 003c FFF7FEFF 		bl	CyExitCriticalSection
 258:.\Generated_Source\PSoC4/ADC_IRQ.c **** }
 268              		.loc 1 258 0
 269 0040 BD46     		mov	sp, r7
 270 0042 05B0     		add	sp, sp, #20
 271              		@ sp needed
 272 0044 90BD     		pop	{r4, r7, pc}
 273              	.L18:
 274 0046 C046     		.align	2
 275              	.L17:
 276 0048 0CE400E0 		.word	-536812532
 277              		.cfi_endproc
 278              	.LFE8:
 279              		.size	ADC_IRQ_SetPriority, .-ADC_IRQ_SetPriority
 280              		.section	.text.ADC_IRQ_GetPriority,"ax",%progbits
 281              		.align	2
 282              		.global	ADC_IRQ_GetPriority
 283              		.code	16
 284              		.thumb_func
 285              		.type	ADC_IRQ_GetPriority, %function
 286              	ADC_IRQ_GetPriority:
 287              	.LFB9:
 259:.\Generated_Source\PSoC4/ADC_IRQ.c **** 
 260:.\Generated_Source\PSoC4/ADC_IRQ.c **** 
 261:.\Generated_Source\PSoC4/ADC_IRQ.c **** /*******************************************************************************
 262:.\Generated_Source\PSoC4/ADC_IRQ.c **** * Function Name: ADC_IRQ_GetPriority
 263:.\Generated_Source\PSoC4/ADC_IRQ.c **** ********************************************************************************
 264:.\Generated_Source\PSoC4/ADC_IRQ.c **** *
 265:.\Generated_Source\PSoC4/ADC_IRQ.c **** * Summary:
 266:.\Generated_Source\PSoC4/ADC_IRQ.c **** *   Gets the Priority of the Interrupt.
 267:.\Generated_Source\PSoC4/ADC_IRQ.c **** *
 268:.\Generated_Source\PSoC4/ADC_IRQ.c **** * Parameters:
 269:.\Generated_Source\PSoC4/ADC_IRQ.c **** *   None
 270:.\Generated_Source\PSoC4/ADC_IRQ.c **** *
 271:.\Generated_Source\PSoC4/ADC_IRQ.c **** * Return:
 272:.\Generated_Source\PSoC4/ADC_IRQ.c **** *   Priority of the interrupt, 0 being the highest priority
 273:.\Generated_Source\PSoC4/ADC_IRQ.c **** *    PSoC 3 and PSoC 5LP: Priority is from 0 to 7.
 274:.\Generated_Source\PSoC4/ADC_IRQ.c **** *    PSoC 4: Priority is from 0 to 3.
 275:.\Generated_Source\PSoC4/ADC_IRQ.c **** *
 276:.\Generated_Source\PSoC4/ADC_IRQ.c **** *******************************************************************************/
 277:.\Generated_Source\PSoC4/ADC_IRQ.c **** uint8 ADC_IRQ_GetPriority(void)
 278:.\Generated_Source\PSoC4/ADC_IRQ.c **** {
 288              		.loc 1 278 0
 289              		.cfi_startproc
 290 0000 80B5     		push	{r7, lr}
 291              		.cfi_def_cfa_offset 8
ARM GAS  C:\Users\Lonnie\AppData\Local\Temp\ccvS9lU2.s 			page 11


 292              		.cfi_offset 7, -8
 293              		.cfi_offset 14, -4
 294 0002 82B0     		sub	sp, sp, #8
 295              		.cfi_def_cfa_offset 16
 296 0004 00AF     		add	r7, sp, #0
 297              		.cfi_def_cfa_register 7
 279:.\Generated_Source\PSoC4/ADC_IRQ.c ****     uint32 priority;
 280:.\Generated_Source\PSoC4/ADC_IRQ.c **** 	uint32 priorityOffset = ((ADC_IRQ__INTC_NUMBER % 4u) * 8u) + 6u;
 298              		.loc 1 280 0
 299 0006 1E23     		mov	r3, #30
 300 0008 7B60     		str	r3, [r7, #4]
 281:.\Generated_Source\PSoC4/ADC_IRQ.c **** 
 282:.\Generated_Source\PSoC4/ADC_IRQ.c ****     priority = (*ADC_IRQ_INTC_PRIOR & ADC_IRQ__INTC_PRIOR_MASK) >> priorityOffset;
 301              		.loc 1 282 0
 302 000a 074B     		ldr	r3, .L21
 303 000c 1B68     		ldr	r3, [r3]
 304 000e 9B0F     		lsr	r3, r3, #30
 305 0010 9A07     		lsl	r2, r3, #30
 306 0012 7B68     		ldr	r3, [r7, #4]
 307 0014 DA40     		lsr	r2, r2, r3
 308 0016 131C     		mov	r3, r2
 309 0018 3B60     		str	r3, [r7]
 283:.\Generated_Source\PSoC4/ADC_IRQ.c **** 
 284:.\Generated_Source\PSoC4/ADC_IRQ.c ****     return (uint8)priority;
 310              		.loc 1 284 0
 311 001a 3B68     		ldr	r3, [r7]
 312 001c DBB2     		uxtb	r3, r3
 285:.\Generated_Source\PSoC4/ADC_IRQ.c **** }
 313              		.loc 1 285 0
 314 001e 181C     		mov	r0, r3
 315 0020 BD46     		mov	sp, r7
 316 0022 02B0     		add	sp, sp, #8
 317              		@ sp needed
 318 0024 80BD     		pop	{r7, pc}
 319              	.L22:
 320 0026 C046     		.align	2
 321              	.L21:
 322 0028 0CE400E0 		.word	-536812532
 323              		.cfi_endproc
 324              	.LFE9:
 325              		.size	ADC_IRQ_GetPriority, .-ADC_IRQ_GetPriority
 326              		.section	.text.ADC_IRQ_Enable,"ax",%progbits
 327              		.align	2
 328              		.global	ADC_IRQ_Enable
 329              		.code	16
 330              		.thumb_func
 331              		.type	ADC_IRQ_Enable, %function
 332              	ADC_IRQ_Enable:
 333              	.LFB10:
 286:.\Generated_Source\PSoC4/ADC_IRQ.c **** 
 287:.\Generated_Source\PSoC4/ADC_IRQ.c **** 
 288:.\Generated_Source\PSoC4/ADC_IRQ.c **** /*******************************************************************************
 289:.\Generated_Source\PSoC4/ADC_IRQ.c **** * Function Name: ADC_IRQ_Enable
 290:.\Generated_Source\PSoC4/ADC_IRQ.c **** ********************************************************************************
 291:.\Generated_Source\PSoC4/ADC_IRQ.c **** *
 292:.\Generated_Source\PSoC4/ADC_IRQ.c **** * Summary:
 293:.\Generated_Source\PSoC4/ADC_IRQ.c **** *   Enables the interrupt to the interrupt controller. Do not call this function
ARM GAS  C:\Users\Lonnie\AppData\Local\Temp\ccvS9lU2.s 			page 12


 294:.\Generated_Source\PSoC4/ADC_IRQ.c **** *   unless ISR_Start() has been called or the functionality of the ISR_Start() 
 295:.\Generated_Source\PSoC4/ADC_IRQ.c **** *   function, which sets the vector and the priority, has been called.
 296:.\Generated_Source\PSoC4/ADC_IRQ.c **** *
 297:.\Generated_Source\PSoC4/ADC_IRQ.c **** * Parameters:
 298:.\Generated_Source\PSoC4/ADC_IRQ.c **** *   None
 299:.\Generated_Source\PSoC4/ADC_IRQ.c **** *
 300:.\Generated_Source\PSoC4/ADC_IRQ.c **** * Return:
 301:.\Generated_Source\PSoC4/ADC_IRQ.c **** *   None
 302:.\Generated_Source\PSoC4/ADC_IRQ.c **** *
 303:.\Generated_Source\PSoC4/ADC_IRQ.c **** *******************************************************************************/
 304:.\Generated_Source\PSoC4/ADC_IRQ.c **** void ADC_IRQ_Enable(void)
 305:.\Generated_Source\PSoC4/ADC_IRQ.c **** {
 334              		.loc 1 305 0
 335              		.cfi_startproc
 336 0000 80B5     		push	{r7, lr}
 337              		.cfi_def_cfa_offset 8
 338              		.cfi_offset 7, -8
 339              		.cfi_offset 14, -4
 340 0002 00AF     		add	r7, sp, #0
 341              		.cfi_def_cfa_register 7
 306:.\Generated_Source\PSoC4/ADC_IRQ.c ****     /* Enable the general interrupt. */
 307:.\Generated_Source\PSoC4/ADC_IRQ.c ****     *ADC_IRQ_INTC_SET_EN = ADC_IRQ__INTC_MASK;
 342              		.loc 1 307 0
 343 0004 024B     		ldr	r3, .L24
 344 0006 8022     		mov	r2, #128
 345 0008 1202     		lsl	r2, r2, #8
 346 000a 1A60     		str	r2, [r3]
 308:.\Generated_Source\PSoC4/ADC_IRQ.c **** }
 347              		.loc 1 308 0
 348 000c BD46     		mov	sp, r7
 349              		@ sp needed
 350 000e 80BD     		pop	{r7, pc}
 351              	.L25:
 352              		.align	2
 353              	.L24:
 354 0010 00E100E0 		.word	-536813312
 355              		.cfi_endproc
 356              	.LFE10:
 357              		.size	ADC_IRQ_Enable, .-ADC_IRQ_Enable
 358              		.section	.text.ADC_IRQ_GetState,"ax",%progbits
 359              		.align	2
 360              		.global	ADC_IRQ_GetState
 361              		.code	16
 362              		.thumb_func
 363              		.type	ADC_IRQ_GetState, %function
 364              	ADC_IRQ_GetState:
 365              	.LFB11:
 309:.\Generated_Source\PSoC4/ADC_IRQ.c **** 
 310:.\Generated_Source\PSoC4/ADC_IRQ.c **** 
 311:.\Generated_Source\PSoC4/ADC_IRQ.c **** /*******************************************************************************
 312:.\Generated_Source\PSoC4/ADC_IRQ.c **** * Function Name: ADC_IRQ_GetState
 313:.\Generated_Source\PSoC4/ADC_IRQ.c **** ********************************************************************************
 314:.\Generated_Source\PSoC4/ADC_IRQ.c **** *
 315:.\Generated_Source\PSoC4/ADC_IRQ.c **** * Summary:
 316:.\Generated_Source\PSoC4/ADC_IRQ.c **** *   Gets the state (enabled, disabled) of the Interrupt.
 317:.\Generated_Source\PSoC4/ADC_IRQ.c **** *
 318:.\Generated_Source\PSoC4/ADC_IRQ.c **** * Parameters:
ARM GAS  C:\Users\Lonnie\AppData\Local\Temp\ccvS9lU2.s 			page 13


 319:.\Generated_Source\PSoC4/ADC_IRQ.c **** *   None
 320:.\Generated_Source\PSoC4/ADC_IRQ.c **** *
 321:.\Generated_Source\PSoC4/ADC_IRQ.c **** * Return:
 322:.\Generated_Source\PSoC4/ADC_IRQ.c **** *   1 if enabled, 0 if disabled.
 323:.\Generated_Source\PSoC4/ADC_IRQ.c **** *
 324:.\Generated_Source\PSoC4/ADC_IRQ.c **** *******************************************************************************/
 325:.\Generated_Source\PSoC4/ADC_IRQ.c **** uint8 ADC_IRQ_GetState(void)
 326:.\Generated_Source\PSoC4/ADC_IRQ.c **** {
 366              		.loc 1 326 0
 367              		.cfi_startproc
 368 0000 80B5     		push	{r7, lr}
 369              		.cfi_def_cfa_offset 8
 370              		.cfi_offset 7, -8
 371              		.cfi_offset 14, -4
 372 0002 00AF     		add	r7, sp, #0
 373              		.cfi_def_cfa_register 7
 327:.\Generated_Source\PSoC4/ADC_IRQ.c ****     /* Get the state of the general interrupt. */
 328:.\Generated_Source\PSoC4/ADC_IRQ.c ****     return ((*ADC_IRQ_INTC_SET_EN & (uint32)ADC_IRQ__INTC_MASK) != 0u) ? 1u:0u;
 374              		.loc 1 328 0
 375 0004 054B     		ldr	r3, .L30
 376 0006 1A68     		ldr	r2, [r3]
 377 0008 8023     		mov	r3, #128
 378 000a 1B02     		lsl	r3, r3, #8
 379 000c 1340     		and	r3, r2
 380 000e 01D0     		beq	.L27
 381              		.loc 1 328 0 is_stmt 0 discriminator 1
 382 0010 0123     		mov	r3, #1
 383 0012 00E0     		b	.L28
 384              	.L27:
 385              		.loc 1 328 0 discriminator 2
 386 0014 0023     		mov	r3, #0
 387              	.L28:
 329:.\Generated_Source\PSoC4/ADC_IRQ.c **** }
 388              		.loc 1 329 0 is_stmt 1 discriminator 4
 389 0016 181C     		mov	r0, r3
 390 0018 BD46     		mov	sp, r7
 391              		@ sp needed
 392 001a 80BD     		pop	{r7, pc}
 393              	.L31:
 394              		.align	2
 395              	.L30:
 396 001c 00E100E0 		.word	-536813312
 397              		.cfi_endproc
 398              	.LFE11:
 399              		.size	ADC_IRQ_GetState, .-ADC_IRQ_GetState
 400              		.section	.text.ADC_IRQ_Disable,"ax",%progbits
 401              		.align	2
 402              		.global	ADC_IRQ_Disable
 403              		.code	16
 404              		.thumb_func
 405              		.type	ADC_IRQ_Disable, %function
 406              	ADC_IRQ_Disable:
 407              	.LFB12:
 330:.\Generated_Source\PSoC4/ADC_IRQ.c **** 
 331:.\Generated_Source\PSoC4/ADC_IRQ.c **** 
 332:.\Generated_Source\PSoC4/ADC_IRQ.c **** /*******************************************************************************
 333:.\Generated_Source\PSoC4/ADC_IRQ.c **** * Function Name: ADC_IRQ_Disable
ARM GAS  C:\Users\Lonnie\AppData\Local\Temp\ccvS9lU2.s 			page 14


 334:.\Generated_Source\PSoC4/ADC_IRQ.c **** ********************************************************************************
 335:.\Generated_Source\PSoC4/ADC_IRQ.c **** *
 336:.\Generated_Source\PSoC4/ADC_IRQ.c **** * Summary:
 337:.\Generated_Source\PSoC4/ADC_IRQ.c **** *   Disables the Interrupt in the interrupt controller.
 338:.\Generated_Source\PSoC4/ADC_IRQ.c **** *
 339:.\Generated_Source\PSoC4/ADC_IRQ.c **** * Parameters:
 340:.\Generated_Source\PSoC4/ADC_IRQ.c **** *   None
 341:.\Generated_Source\PSoC4/ADC_IRQ.c **** *
 342:.\Generated_Source\PSoC4/ADC_IRQ.c **** * Return:
 343:.\Generated_Source\PSoC4/ADC_IRQ.c **** *   None
 344:.\Generated_Source\PSoC4/ADC_IRQ.c **** *
 345:.\Generated_Source\PSoC4/ADC_IRQ.c **** *******************************************************************************/
 346:.\Generated_Source\PSoC4/ADC_IRQ.c **** void ADC_IRQ_Disable(void)
 347:.\Generated_Source\PSoC4/ADC_IRQ.c **** {
 408              		.loc 1 347 0
 409              		.cfi_startproc
 410 0000 80B5     		push	{r7, lr}
 411              		.cfi_def_cfa_offset 8
 412              		.cfi_offset 7, -8
 413              		.cfi_offset 14, -4
 414 0002 00AF     		add	r7, sp, #0
 415              		.cfi_def_cfa_register 7
 348:.\Generated_Source\PSoC4/ADC_IRQ.c ****     /* Disable the general interrupt. */
 349:.\Generated_Source\PSoC4/ADC_IRQ.c ****     *ADC_IRQ_INTC_CLR_EN = ADC_IRQ__INTC_MASK;
 416              		.loc 1 349 0
 417 0004 024B     		ldr	r3, .L33
 418 0006 8022     		mov	r2, #128
 419 0008 1202     		lsl	r2, r2, #8
 420 000a 1A60     		str	r2, [r3]
 350:.\Generated_Source\PSoC4/ADC_IRQ.c **** }
 421              		.loc 1 350 0
 422 000c BD46     		mov	sp, r7
 423              		@ sp needed
 424 000e 80BD     		pop	{r7, pc}
 425              	.L34:
 426              		.align	2
 427              	.L33:
 428 0010 80E100E0 		.word	-536813184
 429              		.cfi_endproc
 430              	.LFE12:
 431              		.size	ADC_IRQ_Disable, .-ADC_IRQ_Disable
 432              		.section	.text.ADC_IRQ_SetPending,"ax",%progbits
 433              		.align	2
 434              		.global	ADC_IRQ_SetPending
 435              		.code	16
 436              		.thumb_func
 437              		.type	ADC_IRQ_SetPending, %function
 438              	ADC_IRQ_SetPending:
 439              	.LFB13:
 351:.\Generated_Source\PSoC4/ADC_IRQ.c **** 
 352:.\Generated_Source\PSoC4/ADC_IRQ.c **** 
 353:.\Generated_Source\PSoC4/ADC_IRQ.c **** /*******************************************************************************
 354:.\Generated_Source\PSoC4/ADC_IRQ.c **** * Function Name: ADC_IRQ_SetPending
 355:.\Generated_Source\PSoC4/ADC_IRQ.c **** ********************************************************************************
 356:.\Generated_Source\PSoC4/ADC_IRQ.c **** *
 357:.\Generated_Source\PSoC4/ADC_IRQ.c **** * Summary:
 358:.\Generated_Source\PSoC4/ADC_IRQ.c **** *   Causes the Interrupt to enter the pending state, a software method of
ARM GAS  C:\Users\Lonnie\AppData\Local\Temp\ccvS9lU2.s 			page 15


 359:.\Generated_Source\PSoC4/ADC_IRQ.c **** *   generating the interrupt.
 360:.\Generated_Source\PSoC4/ADC_IRQ.c **** *
 361:.\Generated_Source\PSoC4/ADC_IRQ.c **** * Parameters:
 362:.\Generated_Source\PSoC4/ADC_IRQ.c **** *   None
 363:.\Generated_Source\PSoC4/ADC_IRQ.c **** *
 364:.\Generated_Source\PSoC4/ADC_IRQ.c **** * Return:
 365:.\Generated_Source\PSoC4/ADC_IRQ.c **** *   None
 366:.\Generated_Source\PSoC4/ADC_IRQ.c **** *
 367:.\Generated_Source\PSoC4/ADC_IRQ.c **** * Side Effects:
 368:.\Generated_Source\PSoC4/ADC_IRQ.c **** *   If interrupts are enabled and the interrupt is set up properly, the ISR is
 369:.\Generated_Source\PSoC4/ADC_IRQ.c **** *   entered (depending on the priority of this interrupt and other pending 
 370:.\Generated_Source\PSoC4/ADC_IRQ.c **** *   interrupts).
 371:.\Generated_Source\PSoC4/ADC_IRQ.c **** *
 372:.\Generated_Source\PSoC4/ADC_IRQ.c **** *******************************************************************************/
 373:.\Generated_Source\PSoC4/ADC_IRQ.c **** void ADC_IRQ_SetPending(void)
 374:.\Generated_Source\PSoC4/ADC_IRQ.c **** {
 440              		.loc 1 374 0
 441              		.cfi_startproc
 442 0000 80B5     		push	{r7, lr}
 443              		.cfi_def_cfa_offset 8
 444              		.cfi_offset 7, -8
 445              		.cfi_offset 14, -4
 446 0002 00AF     		add	r7, sp, #0
 447              		.cfi_def_cfa_register 7
 375:.\Generated_Source\PSoC4/ADC_IRQ.c ****     *ADC_IRQ_INTC_SET_PD = ADC_IRQ__INTC_MASK;
 448              		.loc 1 375 0
 449 0004 024B     		ldr	r3, .L36
 450 0006 8022     		mov	r2, #128
 451 0008 1202     		lsl	r2, r2, #8
 452 000a 1A60     		str	r2, [r3]
 376:.\Generated_Source\PSoC4/ADC_IRQ.c **** }
 453              		.loc 1 376 0
 454 000c BD46     		mov	sp, r7
 455              		@ sp needed
 456 000e 80BD     		pop	{r7, pc}
 457              	.L37:
 458              		.align	2
 459              	.L36:
 460 0010 00E200E0 		.word	-536813056
 461              		.cfi_endproc
 462              	.LFE13:
 463              		.size	ADC_IRQ_SetPending, .-ADC_IRQ_SetPending
 464              		.section	.text.ADC_IRQ_ClearPending,"ax",%progbits
 465              		.align	2
 466              		.global	ADC_IRQ_ClearPending
 467              		.code	16
 468              		.thumb_func
 469              		.type	ADC_IRQ_ClearPending, %function
 470              	ADC_IRQ_ClearPending:
 471              	.LFB14:
 377:.\Generated_Source\PSoC4/ADC_IRQ.c **** 
 378:.\Generated_Source\PSoC4/ADC_IRQ.c **** 
 379:.\Generated_Source\PSoC4/ADC_IRQ.c **** /*******************************************************************************
 380:.\Generated_Source\PSoC4/ADC_IRQ.c **** * Function Name: ADC_IRQ_ClearPending
 381:.\Generated_Source\PSoC4/ADC_IRQ.c **** ********************************************************************************
 382:.\Generated_Source\PSoC4/ADC_IRQ.c **** *
 383:.\Generated_Source\PSoC4/ADC_IRQ.c **** * Summary:
ARM GAS  C:\Users\Lonnie\AppData\Local\Temp\ccvS9lU2.s 			page 16


 384:.\Generated_Source\PSoC4/ADC_IRQ.c **** *   Clears a pending interrupt in the interrupt controller.
 385:.\Generated_Source\PSoC4/ADC_IRQ.c **** *
 386:.\Generated_Source\PSoC4/ADC_IRQ.c **** *   Note Some interrupt sources are clear-on-read and require the block 
 387:.\Generated_Source\PSoC4/ADC_IRQ.c **** *   interrupt/status register to be read/cleared with the appropriate block API 
 388:.\Generated_Source\PSoC4/ADC_IRQ.c **** *   (GPIO, UART, and so on). Otherwise the ISR will continue to remain in 
 389:.\Generated_Source\PSoC4/ADC_IRQ.c **** *   pending state even though the interrupt itself is cleared using this API.
 390:.\Generated_Source\PSoC4/ADC_IRQ.c **** *
 391:.\Generated_Source\PSoC4/ADC_IRQ.c **** * Parameters:
 392:.\Generated_Source\PSoC4/ADC_IRQ.c **** *   None
 393:.\Generated_Source\PSoC4/ADC_IRQ.c **** *
 394:.\Generated_Source\PSoC4/ADC_IRQ.c **** * Return:
 395:.\Generated_Source\PSoC4/ADC_IRQ.c **** *   None
 396:.\Generated_Source\PSoC4/ADC_IRQ.c **** *
 397:.\Generated_Source\PSoC4/ADC_IRQ.c **** *******************************************************************************/
 398:.\Generated_Source\PSoC4/ADC_IRQ.c **** void ADC_IRQ_ClearPending(void)
 399:.\Generated_Source\PSoC4/ADC_IRQ.c **** {
 472              		.loc 1 399 0
 473              		.cfi_startproc
 474 0000 80B5     		push	{r7, lr}
 475              		.cfi_def_cfa_offset 8
 476              		.cfi_offset 7, -8
 477              		.cfi_offset 14, -4
 478 0002 00AF     		add	r7, sp, #0
 479              		.cfi_def_cfa_register 7
 400:.\Generated_Source\PSoC4/ADC_IRQ.c ****     *ADC_IRQ_INTC_CLR_PD = ADC_IRQ__INTC_MASK;
 480              		.loc 1 400 0
 481 0004 024B     		ldr	r3, .L39
 482 0006 8022     		mov	r2, #128
 483 0008 1202     		lsl	r2, r2, #8
 484 000a 1A60     		str	r2, [r3]
 401:.\Generated_Source\PSoC4/ADC_IRQ.c **** }
 485              		.loc 1 401 0
 486 000c BD46     		mov	sp, r7
 487              		@ sp needed
 488 000e 80BD     		pop	{r7, pc}
 489              	.L40:
 490              		.align	2
 491              	.L39:
 492 0010 80E200E0 		.word	-536812928
 493              		.cfi_endproc
 494              	.LFE14:
 495              		.size	ADC_IRQ_ClearPending, .-ADC_IRQ_ClearPending
 496              		.text
 497              	.Letext0:
 498              		.file 2 "Generated_Source\\PSoC4/cytypes.h"
 499              		.section	.debug_info,"",%progbits
 500              	.Ldebug_info0:
 501 0000 40020000 		.4byte	0x240
 502 0004 0400     		.2byte	0x4
 503 0006 00000000 		.4byte	.Ldebug_abbrev0
 504 000a 04       		.byte	0x4
 505 000b 01       		.uleb128 0x1
 506 000c 1E010000 		.4byte	.LASF33
 507 0010 01       		.byte	0x1
 508 0011 56000000 		.4byte	.LASF34
 509 0015 5E020000 		.4byte	.LASF35
 510 0019 00000000 		.4byte	.Ldebug_ranges0+0
ARM GAS  C:\Users\Lonnie\AppData\Local\Temp\ccvS9lU2.s 			page 17


 511 001d 00000000 		.4byte	0
 512 0021 00000000 		.4byte	.Ldebug_line0
 513 0025 02       		.uleb128 0x2
 514 0026 01       		.byte	0x1
 515 0027 06       		.byte	0x6
 516 0028 97020000 		.4byte	.LASF0
 517 002c 02       		.uleb128 0x2
 518 002d 01       		.byte	0x1
 519 002e 08       		.byte	0x8
 520 002f A3000000 		.4byte	.LASF1
 521 0033 02       		.uleb128 0x2
 522 0034 02       		.byte	0x2
 523 0035 05       		.byte	0x5
 524 0036 2C020000 		.4byte	.LASF2
 525 003a 02       		.uleb128 0x2
 526 003b 02       		.byte	0x2
 527 003c 07       		.byte	0x7
 528 003d 32000000 		.4byte	.LASF3
 529 0041 02       		.uleb128 0x2
 530 0042 04       		.byte	0x4
 531 0043 05       		.byte	0x5
 532 0044 55020000 		.4byte	.LASF4
 533 0048 02       		.uleb128 0x2
 534 0049 04       		.byte	0x4
 535 004a 07       		.byte	0x7
 536 004b C0000000 		.4byte	.LASF5
 537 004f 02       		.uleb128 0x2
 538 0050 08       		.byte	0x8
 539 0051 05       		.byte	0x5
 540 0052 19020000 		.4byte	.LASF6
 541 0056 02       		.uleb128 0x2
 542 0057 08       		.byte	0x8
 543 0058 07       		.byte	0x7
 544 0059 DC010000 		.4byte	.LASF7
 545 005d 03       		.uleb128 0x3
 546 005e 04       		.byte	0x4
 547 005f 05       		.byte	0x5
 548 0060 696E7400 		.ascii	"int\000"
 549 0064 02       		.uleb128 0x2
 550 0065 04       		.byte	0x4
 551 0066 07       		.byte	0x7
 552 0067 C7010000 		.4byte	.LASF8
 553 006b 04       		.uleb128 0x4
 554 006c D2000000 		.4byte	.LASF9
 555 0070 02       		.byte	0x2
 556 0071 A1       		.byte	0xa1
 557 0072 2C000000 		.4byte	0x2c
 558 0076 04       		.uleb128 0x4
 559 0077 C0010000 		.4byte	.LASF10
 560 007b 02       		.byte	0x2
 561 007c A3       		.byte	0xa3
 562 007d 48000000 		.4byte	0x48
 563 0081 02       		.uleb128 0x2
 564 0082 04       		.byte	0x4
 565 0083 04       		.byte	0x4
 566 0084 9D000000 		.4byte	.LASF11
 567 0088 02       		.uleb128 0x2
ARM GAS  C:\Users\Lonnie\AppData\Local\Temp\ccvS9lU2.s 			page 18


 568 0089 08       		.byte	0x8
 569 008a 04       		.byte	0x4
 570 008b 09010000 		.4byte	.LASF12
 571 008f 02       		.uleb128 0x2
 572 0090 01       		.byte	0x1
 573 0091 08       		.byte	0x8
 574 0092 27020000 		.4byte	.LASF13
 575 0096 05       		.uleb128 0x5
 576 0097 00000000 		.4byte	.LASF14
 577 009b 02       		.byte	0x2
 578 009c 4D01     		.2byte	0x14d
 579 009e A2000000 		.4byte	0xa2
 580 00a2 06       		.uleb128 0x6
 581 00a3 76000000 		.4byte	0x76
 582 00a7 05       		.uleb128 0x5
 583 00a8 F3010000 		.4byte	.LASF15
 584 00ac 02       		.byte	0x2
 585 00ad 5D01     		.2byte	0x15d
 586 00af B3000000 		.4byte	0xb3
 587 00b3 07       		.uleb128 0x7
 588 00b4 04       		.byte	0x4
 589 00b5 B9000000 		.4byte	0xb9
 590 00b9 08       		.uleb128 0x8
 591 00ba 02       		.uleb128 0x2
 592 00bb 04       		.byte	0x4
 593 00bc 07       		.byte	0x7
 594 00bd 10020000 		.4byte	.LASF16
 595 00c1 09       		.uleb128 0x9
 596 00c2 10010000 		.4byte	.LASF17
 597 00c6 01       		.byte	0x1
 598 00c7 38       		.byte	0x38
 599 00c8 00000000 		.4byte	.LFB2
 600 00cc 24000000 		.4byte	.LFE2-.LFB2
 601 00d0 01       		.uleb128 0x1
 602 00d1 9C       		.byte	0x9c
 603 00d2 0A       		.uleb128 0xa
 604 00d3 00020000 		.4byte	.LASF20
 605 00d7 01       		.byte	0x1
 606 00d8 63       		.byte	0x63
 607 00d9 00000000 		.4byte	.LFB3
 608 00dd 24000000 		.4byte	.LFE3-.LFB3
 609 00e1 01       		.uleb128 0x1
 610 00e2 9C       		.byte	0x9c
 611 00e3 F6000000 		.4byte	0xf6
 612 00e7 0B       		.uleb128 0xb
 613 00e8 D4010000 		.4byte	.LASF22
 614 00ec 01       		.byte	0x1
 615 00ed 63       		.byte	0x63
 616 00ee A7000000 		.4byte	0xa7
 617 00f2 02       		.uleb128 0x2
 618 00f3 91       		.byte	0x91
 619 00f4 74       		.sleb128 -12
 620 00f5 00       		.byte	0
 621 00f6 09       		.uleb128 0x9
 622 00f7 13000000 		.4byte	.LASF18
 623 00fb 01       		.byte	0x1
 624 00fc 81       		.byte	0x81
ARM GAS  C:\Users\Lonnie\AppData\Local\Temp\ccvS9lU2.s 			page 19


 625 00fd 00000000 		.4byte	.LFB4
 626 0101 18000000 		.4byte	.LFE4-.LFB4
 627 0105 01       		.uleb128 0x1
 628 0106 9C       		.byte	0x9c
 629 0107 0C       		.uleb128 0xc
 630 0108 8B000000 		.4byte	.LASF19
 631 010c 01       		.byte	0x1
 632 010d 9F       		.byte	0x9f
 633 010e 00000000 		.4byte	.LFB5
 634 0112 08000000 		.4byte	.LFE5-.LFB5
 635 0116 01       		.uleb128 0x1
 636 0117 9C       		.byte	0x9c
 637 0118 0D       		.uleb128 0xd
 638 0119 20000000 		.4byte	.LASF21
 639 011d 01       		.byte	0x1
 640 011e C7       		.byte	0xc7
 641 011f 00000000 		.4byte	.LFB6
 642 0123 18000000 		.4byte	.LFE6-.LFB6
 643 0127 01       		.uleb128 0x1
 644 0128 9C       		.byte	0x9c
 645 0129 3C010000 		.4byte	0x13c
 646 012d 0B       		.uleb128 0xb
 647 012e D4010000 		.4byte	.LASF22
 648 0132 01       		.byte	0x1
 649 0133 C7       		.byte	0xc7
 650 0134 A7000000 		.4byte	0xa7
 651 0138 02       		.uleb128 0x2
 652 0139 91       		.byte	0x91
 653 013a 74       		.sleb128 -12
 654 013b 00       		.byte	0
 655 013c 0E       		.uleb128 0xe
 656 013d 79000000 		.4byte	.LASF28
 657 0141 01       		.byte	0x1
 658 0142 DB       		.byte	0xdb
 659 0143 A7000000 		.4byte	0xa7
 660 0147 00000000 		.4byte	.LFB7
 661 014b 14000000 		.4byte	.LFE7-.LFB7
 662 014f 01       		.uleb128 0x1
 663 0150 9C       		.byte	0x9c
 664 0151 0A       		.uleb128 0xa
 665 0152 A3020000 		.4byte	.LASF23
 666 0156 01       		.byte	0x1
 667 0157 F9       		.byte	0xf9
 668 0158 00000000 		.4byte	.LFB8
 669 015c 4C000000 		.4byte	.LFE8-.LFB8
 670 0160 01       		.uleb128 0x1
 671 0161 9C       		.byte	0x9c
 672 0162 91010000 		.4byte	0x191
 673 0166 0B       		.uleb128 0xb
 674 0167 D8000000 		.4byte	.LASF24
 675 016b 01       		.byte	0x1
 676 016c F9       		.byte	0xf9
 677 016d 6B000000 		.4byte	0x6b
 678 0171 02       		.uleb128 0x2
 679 0172 91       		.byte	0x91
 680 0173 67       		.sleb128 -25
 681 0174 0F       		.uleb128 0xf
ARM GAS  C:\Users\Lonnie\AppData\Local\Temp\ccvS9lU2.s 			page 20


 682 0175 B1000000 		.4byte	.LASF25
 683 0179 01       		.byte	0x1
 684 017a FB       		.byte	0xfb
 685 017b 6B000000 		.4byte	0x6b
 686 017f 02       		.uleb128 0x2
 687 0180 91       		.byte	0x91
 688 0181 6B       		.sleb128 -21
 689 0182 0F       		.uleb128 0xf
 690 0183 46020000 		.4byte	.LASF26
 691 0187 01       		.byte	0x1
 692 0188 FC       		.byte	0xfc
 693 0189 76000000 		.4byte	0x76
 694 018d 02       		.uleb128 0x2
 695 018e 91       		.byte	0x91
 696 018f 6C       		.sleb128 -20
 697 0190 00       		.byte	0
 698 0191 10       		.uleb128 0x10
 699 0192 AC010000 		.4byte	.LASF36
 700 0196 01       		.byte	0x1
 701 0197 1501     		.2byte	0x115
 702 0199 6B000000 		.4byte	0x6b
 703 019d 00000000 		.4byte	.LFB9
 704 01a1 2C000000 		.4byte	.LFE9-.LFB9
 705 01a5 01       		.uleb128 0x1
 706 01a6 9C       		.byte	0x9c
 707 01a7 CA010000 		.4byte	0x1ca
 708 01ab 11       		.uleb128 0x11
 709 01ac D8000000 		.4byte	.LASF24
 710 01b0 01       		.byte	0x1
 711 01b1 1701     		.2byte	0x117
 712 01b3 76000000 		.4byte	0x76
 713 01b7 02       		.uleb128 0x2
 714 01b8 91       		.byte	0x91
 715 01b9 70       		.sleb128 -16
 716 01ba 11       		.uleb128 0x11
 717 01bb 46020000 		.4byte	.LASF26
 718 01bf 01       		.byte	0x1
 719 01c0 1801     		.2byte	0x118
 720 01c2 76000000 		.4byte	0x76
 721 01c6 02       		.uleb128 0x2
 722 01c7 91       		.byte	0x91
 723 01c8 74       		.sleb128 -12
 724 01c9 00       		.byte	0
 725 01ca 12       		.uleb128 0x12
 726 01cb B7020000 		.4byte	.LASF27
 727 01cf 01       		.byte	0x1
 728 01d0 3001     		.2byte	0x130
 729 01d2 00000000 		.4byte	.LFB10
 730 01d6 14000000 		.4byte	.LFE10-.LFB10
 731 01da 01       		.uleb128 0x1
 732 01db 9C       		.byte	0x9c
 733 01dc 13       		.uleb128 0x13
 734 01dd 45000000 		.4byte	.LASF29
 735 01e1 01       		.byte	0x1
 736 01e2 4501     		.2byte	0x145
 737 01e4 6B000000 		.4byte	0x6b
 738 01e8 00000000 		.4byte	.LFB11
ARM GAS  C:\Users\Lonnie\AppData\Local\Temp\ccvS9lU2.s 			page 21


 739 01ec 20000000 		.4byte	.LFE11-.LFB11
 740 01f0 01       		.uleb128 0x1
 741 01f1 9C       		.byte	0x9c
 742 01f2 12       		.uleb128 0x12
 743 01f3 36020000 		.4byte	.LASF30
 744 01f7 01       		.byte	0x1
 745 01f8 5A01     		.2byte	0x15a
 746 01fa 00000000 		.4byte	.LFB12
 747 01fe 14000000 		.4byte	.LFE12-.LFB12
 748 0202 01       		.uleb128 0x1
 749 0203 9C       		.byte	0x9c
 750 0204 12       		.uleb128 0x12
 751 0205 E1000000 		.4byte	.LASF31
 752 0209 01       		.byte	0x1
 753 020a 7501     		.2byte	0x175
 754 020c 00000000 		.4byte	.LFB13
 755 0210 14000000 		.4byte	.LFE13-.LFB13
 756 0214 01       		.uleb128 0x1
 757 0215 9C       		.byte	0x9c
 758 0216 12       		.uleb128 0x12
 759 0217 F4000000 		.4byte	.LASF32
 760 021b 01       		.byte	0x1
 761 021c 8E01     		.2byte	0x18e
 762 021e 00000000 		.4byte	.LFB14
 763 0222 14000000 		.4byte	.LFE14-.LFB14
 764 0226 01       		.uleb128 0x1
 765 0227 9C       		.byte	0x9c
 766 0228 14       		.uleb128 0x14
 767 0229 A7000000 		.4byte	0xa7
 768 022d 38020000 		.4byte	0x238
 769 0231 15       		.uleb128 0x15
 770 0232 BA000000 		.4byte	0xba
 771 0236 2F       		.byte	0x2f
 772 0237 00       		.byte	0
 773 0238 16       		.uleb128 0x16
 774 0239 06000000 		.4byte	.LASF37
 775 023d 01       		.byte	0x1
 776 023e 21       		.byte	0x21
 777 023f 28020000 		.4byte	0x228
 778 0243 00       		.byte	0
 779              		.section	.debug_abbrev,"",%progbits
 780              	.Ldebug_abbrev0:
 781 0000 01       		.uleb128 0x1
 782 0001 11       		.uleb128 0x11
 783 0002 01       		.byte	0x1
 784 0003 25       		.uleb128 0x25
 785 0004 0E       		.uleb128 0xe
 786 0005 13       		.uleb128 0x13
 787 0006 0B       		.uleb128 0xb
 788 0007 03       		.uleb128 0x3
 789 0008 0E       		.uleb128 0xe
 790 0009 1B       		.uleb128 0x1b
 791 000a 0E       		.uleb128 0xe
 792 000b 55       		.uleb128 0x55
 793 000c 17       		.uleb128 0x17
 794 000d 11       		.uleb128 0x11
 795 000e 01       		.uleb128 0x1
ARM GAS  C:\Users\Lonnie\AppData\Local\Temp\ccvS9lU2.s 			page 22


 796 000f 10       		.uleb128 0x10
 797 0010 17       		.uleb128 0x17
 798 0011 00       		.byte	0
 799 0012 00       		.byte	0
 800 0013 02       		.uleb128 0x2
 801 0014 24       		.uleb128 0x24
 802 0015 00       		.byte	0
 803 0016 0B       		.uleb128 0xb
 804 0017 0B       		.uleb128 0xb
 805 0018 3E       		.uleb128 0x3e
 806 0019 0B       		.uleb128 0xb
 807 001a 03       		.uleb128 0x3
 808 001b 0E       		.uleb128 0xe
 809 001c 00       		.byte	0
 810 001d 00       		.byte	0
 811 001e 03       		.uleb128 0x3
 812 001f 24       		.uleb128 0x24
 813 0020 00       		.byte	0
 814 0021 0B       		.uleb128 0xb
 815 0022 0B       		.uleb128 0xb
 816 0023 3E       		.uleb128 0x3e
 817 0024 0B       		.uleb128 0xb
 818 0025 03       		.uleb128 0x3
 819 0026 08       		.uleb128 0x8
 820 0027 00       		.byte	0
 821 0028 00       		.byte	0
 822 0029 04       		.uleb128 0x4
 823 002a 16       		.uleb128 0x16
 824 002b 00       		.byte	0
 825 002c 03       		.uleb128 0x3
 826 002d 0E       		.uleb128 0xe
 827 002e 3A       		.uleb128 0x3a
 828 002f 0B       		.uleb128 0xb
 829 0030 3B       		.uleb128 0x3b
 830 0031 0B       		.uleb128 0xb
 831 0032 49       		.uleb128 0x49
 832 0033 13       		.uleb128 0x13
 833 0034 00       		.byte	0
 834 0035 00       		.byte	0
 835 0036 05       		.uleb128 0x5
 836 0037 16       		.uleb128 0x16
 837 0038 00       		.byte	0
 838 0039 03       		.uleb128 0x3
 839 003a 0E       		.uleb128 0xe
 840 003b 3A       		.uleb128 0x3a
 841 003c 0B       		.uleb128 0xb
 842 003d 3B       		.uleb128 0x3b
 843 003e 05       		.uleb128 0x5
 844 003f 49       		.uleb128 0x49
 845 0040 13       		.uleb128 0x13
 846 0041 00       		.byte	0
 847 0042 00       		.byte	0
 848 0043 06       		.uleb128 0x6
 849 0044 35       		.uleb128 0x35
 850 0045 00       		.byte	0
 851 0046 49       		.uleb128 0x49
 852 0047 13       		.uleb128 0x13
ARM GAS  C:\Users\Lonnie\AppData\Local\Temp\ccvS9lU2.s 			page 23


 853 0048 00       		.byte	0
 854 0049 00       		.byte	0
 855 004a 07       		.uleb128 0x7
 856 004b 0F       		.uleb128 0xf
 857 004c 00       		.byte	0
 858 004d 0B       		.uleb128 0xb
 859 004e 0B       		.uleb128 0xb
 860 004f 49       		.uleb128 0x49
 861 0050 13       		.uleb128 0x13
 862 0051 00       		.byte	0
 863 0052 00       		.byte	0
 864 0053 08       		.uleb128 0x8
 865 0054 15       		.uleb128 0x15
 866 0055 00       		.byte	0
 867 0056 27       		.uleb128 0x27
 868 0057 19       		.uleb128 0x19
 869 0058 00       		.byte	0
 870 0059 00       		.byte	0
 871 005a 09       		.uleb128 0x9
 872 005b 2E       		.uleb128 0x2e
 873 005c 00       		.byte	0
 874 005d 3F       		.uleb128 0x3f
 875 005e 19       		.uleb128 0x19
 876 005f 03       		.uleb128 0x3
 877 0060 0E       		.uleb128 0xe
 878 0061 3A       		.uleb128 0x3a
 879 0062 0B       		.uleb128 0xb
 880 0063 3B       		.uleb128 0x3b
 881 0064 0B       		.uleb128 0xb
 882 0065 27       		.uleb128 0x27
 883 0066 19       		.uleb128 0x19
 884 0067 11       		.uleb128 0x11
 885 0068 01       		.uleb128 0x1
 886 0069 12       		.uleb128 0x12
 887 006a 06       		.uleb128 0x6
 888 006b 40       		.uleb128 0x40
 889 006c 18       		.uleb128 0x18
 890 006d 9642     		.uleb128 0x2116
 891 006f 19       		.uleb128 0x19
 892 0070 00       		.byte	0
 893 0071 00       		.byte	0
 894 0072 0A       		.uleb128 0xa
 895 0073 2E       		.uleb128 0x2e
 896 0074 01       		.byte	0x1
 897 0075 3F       		.uleb128 0x3f
 898 0076 19       		.uleb128 0x19
 899 0077 03       		.uleb128 0x3
 900 0078 0E       		.uleb128 0xe
 901 0079 3A       		.uleb128 0x3a
 902 007a 0B       		.uleb128 0xb
 903 007b 3B       		.uleb128 0x3b
 904 007c 0B       		.uleb128 0xb
 905 007d 27       		.uleb128 0x27
 906 007e 19       		.uleb128 0x19
 907 007f 11       		.uleb128 0x11
 908 0080 01       		.uleb128 0x1
 909 0081 12       		.uleb128 0x12
ARM GAS  C:\Users\Lonnie\AppData\Local\Temp\ccvS9lU2.s 			page 24


 910 0082 06       		.uleb128 0x6
 911 0083 40       		.uleb128 0x40
 912 0084 18       		.uleb128 0x18
 913 0085 9642     		.uleb128 0x2116
 914 0087 19       		.uleb128 0x19
 915 0088 01       		.uleb128 0x1
 916 0089 13       		.uleb128 0x13
 917 008a 00       		.byte	0
 918 008b 00       		.byte	0
 919 008c 0B       		.uleb128 0xb
 920 008d 05       		.uleb128 0x5
 921 008e 00       		.byte	0
 922 008f 03       		.uleb128 0x3
 923 0090 0E       		.uleb128 0xe
 924 0091 3A       		.uleb128 0x3a
 925 0092 0B       		.uleb128 0xb
 926 0093 3B       		.uleb128 0x3b
 927 0094 0B       		.uleb128 0xb
 928 0095 49       		.uleb128 0x49
 929 0096 13       		.uleb128 0x13
 930 0097 02       		.uleb128 0x2
 931 0098 18       		.uleb128 0x18
 932 0099 00       		.byte	0
 933 009a 00       		.byte	0
 934 009b 0C       		.uleb128 0xc
 935 009c 2E       		.uleb128 0x2e
 936 009d 00       		.byte	0
 937 009e 3F       		.uleb128 0x3f
 938 009f 19       		.uleb128 0x19
 939 00a0 03       		.uleb128 0x3
 940 00a1 0E       		.uleb128 0xe
 941 00a2 3A       		.uleb128 0x3a
 942 00a3 0B       		.uleb128 0xb
 943 00a4 3B       		.uleb128 0x3b
 944 00a5 0B       		.uleb128 0xb
 945 00a6 27       		.uleb128 0x27
 946 00a7 19       		.uleb128 0x19
 947 00a8 11       		.uleb128 0x11
 948 00a9 01       		.uleb128 0x1
 949 00aa 12       		.uleb128 0x12
 950 00ab 06       		.uleb128 0x6
 951 00ac 40       		.uleb128 0x40
 952 00ad 18       		.uleb128 0x18
 953 00ae 9742     		.uleb128 0x2117
 954 00b0 19       		.uleb128 0x19
 955 00b1 00       		.byte	0
 956 00b2 00       		.byte	0
 957 00b3 0D       		.uleb128 0xd
 958 00b4 2E       		.uleb128 0x2e
 959 00b5 01       		.byte	0x1
 960 00b6 3F       		.uleb128 0x3f
 961 00b7 19       		.uleb128 0x19
 962 00b8 03       		.uleb128 0x3
 963 00b9 0E       		.uleb128 0xe
 964 00ba 3A       		.uleb128 0x3a
 965 00bb 0B       		.uleb128 0xb
 966 00bc 3B       		.uleb128 0x3b
ARM GAS  C:\Users\Lonnie\AppData\Local\Temp\ccvS9lU2.s 			page 25


 967 00bd 0B       		.uleb128 0xb
 968 00be 27       		.uleb128 0x27
 969 00bf 19       		.uleb128 0x19
 970 00c0 11       		.uleb128 0x11
 971 00c1 01       		.uleb128 0x1
 972 00c2 12       		.uleb128 0x12
 973 00c3 06       		.uleb128 0x6
 974 00c4 40       		.uleb128 0x40
 975 00c5 18       		.uleb128 0x18
 976 00c6 9742     		.uleb128 0x2117
 977 00c8 19       		.uleb128 0x19
 978 00c9 01       		.uleb128 0x1
 979 00ca 13       		.uleb128 0x13
 980 00cb 00       		.byte	0
 981 00cc 00       		.byte	0
 982 00cd 0E       		.uleb128 0xe
 983 00ce 2E       		.uleb128 0x2e
 984 00cf 00       		.byte	0
 985 00d0 3F       		.uleb128 0x3f
 986 00d1 19       		.uleb128 0x19
 987 00d2 03       		.uleb128 0x3
 988 00d3 0E       		.uleb128 0xe
 989 00d4 3A       		.uleb128 0x3a
 990 00d5 0B       		.uleb128 0xb
 991 00d6 3B       		.uleb128 0x3b
 992 00d7 0B       		.uleb128 0xb
 993 00d8 27       		.uleb128 0x27
 994 00d9 19       		.uleb128 0x19
 995 00da 49       		.uleb128 0x49
 996 00db 13       		.uleb128 0x13
 997 00dc 11       		.uleb128 0x11
 998 00dd 01       		.uleb128 0x1
 999 00de 12       		.uleb128 0x12
 1000 00df 06       		.uleb128 0x6
 1001 00e0 40       		.uleb128 0x40
 1002 00e1 18       		.uleb128 0x18
 1003 00e2 9742     		.uleb128 0x2117
 1004 00e4 19       		.uleb128 0x19
 1005 00e5 00       		.byte	0
 1006 00e6 00       		.byte	0
 1007 00e7 0F       		.uleb128 0xf
 1008 00e8 34       		.uleb128 0x34
 1009 00e9 00       		.byte	0
 1010 00ea 03       		.uleb128 0x3
 1011 00eb 0E       		.uleb128 0xe
 1012 00ec 3A       		.uleb128 0x3a
 1013 00ed 0B       		.uleb128 0xb
 1014 00ee 3B       		.uleb128 0x3b
 1015 00ef 0B       		.uleb128 0xb
 1016 00f0 49       		.uleb128 0x49
 1017 00f1 13       		.uleb128 0x13
 1018 00f2 02       		.uleb128 0x2
 1019 00f3 18       		.uleb128 0x18
 1020 00f4 00       		.byte	0
 1021 00f5 00       		.byte	0
 1022 00f6 10       		.uleb128 0x10
 1023 00f7 2E       		.uleb128 0x2e
ARM GAS  C:\Users\Lonnie\AppData\Local\Temp\ccvS9lU2.s 			page 26


 1024 00f8 01       		.byte	0x1
 1025 00f9 3F       		.uleb128 0x3f
 1026 00fa 19       		.uleb128 0x19
 1027 00fb 03       		.uleb128 0x3
 1028 00fc 0E       		.uleb128 0xe
 1029 00fd 3A       		.uleb128 0x3a
 1030 00fe 0B       		.uleb128 0xb
 1031 00ff 3B       		.uleb128 0x3b
 1032 0100 05       		.uleb128 0x5
 1033 0101 27       		.uleb128 0x27
 1034 0102 19       		.uleb128 0x19
 1035 0103 49       		.uleb128 0x49
 1036 0104 13       		.uleb128 0x13
 1037 0105 11       		.uleb128 0x11
 1038 0106 01       		.uleb128 0x1
 1039 0107 12       		.uleb128 0x12
 1040 0108 06       		.uleb128 0x6
 1041 0109 40       		.uleb128 0x40
 1042 010a 18       		.uleb128 0x18
 1043 010b 9742     		.uleb128 0x2117
 1044 010d 19       		.uleb128 0x19
 1045 010e 01       		.uleb128 0x1
 1046 010f 13       		.uleb128 0x13
 1047 0110 00       		.byte	0
 1048 0111 00       		.byte	0
 1049 0112 11       		.uleb128 0x11
 1050 0113 34       		.uleb128 0x34
 1051 0114 00       		.byte	0
 1052 0115 03       		.uleb128 0x3
 1053 0116 0E       		.uleb128 0xe
 1054 0117 3A       		.uleb128 0x3a
 1055 0118 0B       		.uleb128 0xb
 1056 0119 3B       		.uleb128 0x3b
 1057 011a 05       		.uleb128 0x5
 1058 011b 49       		.uleb128 0x49
 1059 011c 13       		.uleb128 0x13
 1060 011d 02       		.uleb128 0x2
 1061 011e 18       		.uleb128 0x18
 1062 011f 00       		.byte	0
 1063 0120 00       		.byte	0
 1064 0121 12       		.uleb128 0x12
 1065 0122 2E       		.uleb128 0x2e
 1066 0123 00       		.byte	0
 1067 0124 3F       		.uleb128 0x3f
 1068 0125 19       		.uleb128 0x19
 1069 0126 03       		.uleb128 0x3
 1070 0127 0E       		.uleb128 0xe
 1071 0128 3A       		.uleb128 0x3a
 1072 0129 0B       		.uleb128 0xb
 1073 012a 3B       		.uleb128 0x3b
 1074 012b 05       		.uleb128 0x5
 1075 012c 27       		.uleb128 0x27
 1076 012d 19       		.uleb128 0x19
 1077 012e 11       		.uleb128 0x11
 1078 012f 01       		.uleb128 0x1
 1079 0130 12       		.uleb128 0x12
 1080 0131 06       		.uleb128 0x6
ARM GAS  C:\Users\Lonnie\AppData\Local\Temp\ccvS9lU2.s 			page 27


 1081 0132 40       		.uleb128 0x40
 1082 0133 18       		.uleb128 0x18
 1083 0134 9742     		.uleb128 0x2117
 1084 0136 19       		.uleb128 0x19
 1085 0137 00       		.byte	0
 1086 0138 00       		.byte	0
 1087 0139 13       		.uleb128 0x13
 1088 013a 2E       		.uleb128 0x2e
 1089 013b 00       		.byte	0
 1090 013c 3F       		.uleb128 0x3f
 1091 013d 19       		.uleb128 0x19
 1092 013e 03       		.uleb128 0x3
 1093 013f 0E       		.uleb128 0xe
 1094 0140 3A       		.uleb128 0x3a
 1095 0141 0B       		.uleb128 0xb
 1096 0142 3B       		.uleb128 0x3b
 1097 0143 05       		.uleb128 0x5
 1098 0144 27       		.uleb128 0x27
 1099 0145 19       		.uleb128 0x19
 1100 0146 49       		.uleb128 0x49
 1101 0147 13       		.uleb128 0x13
 1102 0148 11       		.uleb128 0x11
 1103 0149 01       		.uleb128 0x1
 1104 014a 12       		.uleb128 0x12
 1105 014b 06       		.uleb128 0x6
 1106 014c 40       		.uleb128 0x40
 1107 014d 18       		.uleb128 0x18
 1108 014e 9742     		.uleb128 0x2117
 1109 0150 19       		.uleb128 0x19
 1110 0151 00       		.byte	0
 1111 0152 00       		.byte	0
 1112 0153 14       		.uleb128 0x14
 1113 0154 01       		.uleb128 0x1
 1114 0155 01       		.byte	0x1
 1115 0156 49       		.uleb128 0x49
 1116 0157 13       		.uleb128 0x13
 1117 0158 01       		.uleb128 0x1
 1118 0159 13       		.uleb128 0x13
 1119 015a 00       		.byte	0
 1120 015b 00       		.byte	0
 1121 015c 15       		.uleb128 0x15
 1122 015d 21       		.uleb128 0x21
 1123 015e 00       		.byte	0
 1124 015f 49       		.uleb128 0x49
 1125 0160 13       		.uleb128 0x13
 1126 0161 2F       		.uleb128 0x2f
 1127 0162 0B       		.uleb128 0xb
 1128 0163 00       		.byte	0
 1129 0164 00       		.byte	0
 1130 0165 16       		.uleb128 0x16
 1131 0166 34       		.uleb128 0x34
 1132 0167 00       		.byte	0
 1133 0168 03       		.uleb128 0x3
 1134 0169 0E       		.uleb128 0xe
 1135 016a 3A       		.uleb128 0x3a
 1136 016b 0B       		.uleb128 0xb
 1137 016c 3B       		.uleb128 0x3b
ARM GAS  C:\Users\Lonnie\AppData\Local\Temp\ccvS9lU2.s 			page 28


 1138 016d 0B       		.uleb128 0xb
 1139 016e 49       		.uleb128 0x49
 1140 016f 13       		.uleb128 0x13
 1141 0170 3F       		.uleb128 0x3f
 1142 0171 19       		.uleb128 0x19
 1143 0172 3C       		.uleb128 0x3c
 1144 0173 19       		.uleb128 0x19
 1145 0174 00       		.byte	0
 1146 0175 00       		.byte	0
 1147 0176 00       		.byte	0
 1148              		.section	.debug_aranges,"",%progbits
 1149 0000 7C000000 		.4byte	0x7c
 1150 0004 0200     		.2byte	0x2
 1151 0006 00000000 		.4byte	.Ldebug_info0
 1152 000a 04       		.byte	0x4
 1153 000b 00       		.byte	0
 1154 000c 0000     		.2byte	0
 1155 000e 0000     		.2byte	0
 1156 0010 00000000 		.4byte	.LFB2
 1157 0014 24000000 		.4byte	.LFE2-.LFB2
 1158 0018 00000000 		.4byte	.LFB3
 1159 001c 24000000 		.4byte	.LFE3-.LFB3
 1160 0020 00000000 		.4byte	.LFB4
 1161 0024 18000000 		.4byte	.LFE4-.LFB4
 1162 0028 00000000 		.4byte	.LFB5
 1163 002c 08000000 		.4byte	.LFE5-.LFB5
 1164 0030 00000000 		.4byte	.LFB6
 1165 0034 18000000 		.4byte	.LFE6-.LFB6
 1166 0038 00000000 		.4byte	.LFB7
 1167 003c 14000000 		.4byte	.LFE7-.LFB7
 1168 0040 00000000 		.4byte	.LFB8
 1169 0044 4C000000 		.4byte	.LFE8-.LFB8
 1170 0048 00000000 		.4byte	.LFB9
 1171 004c 2C000000 		.4byte	.LFE9-.LFB9
 1172 0050 00000000 		.4byte	.LFB10
 1173 0054 14000000 		.4byte	.LFE10-.LFB10
 1174 0058 00000000 		.4byte	.LFB11
 1175 005c 20000000 		.4byte	.LFE11-.LFB11
 1176 0060 00000000 		.4byte	.LFB12
 1177 0064 14000000 		.4byte	.LFE12-.LFB12
 1178 0068 00000000 		.4byte	.LFB13
 1179 006c 14000000 		.4byte	.LFE13-.LFB13
 1180 0070 00000000 		.4byte	.LFB14
 1181 0074 14000000 		.4byte	.LFE14-.LFB14
 1182 0078 00000000 		.4byte	0
 1183 007c 00000000 		.4byte	0
 1184              		.section	.debug_ranges,"",%progbits
 1185              	.Ldebug_ranges0:
 1186 0000 00000000 		.4byte	.LFB2
 1187 0004 24000000 		.4byte	.LFE2
 1188 0008 00000000 		.4byte	.LFB3
 1189 000c 24000000 		.4byte	.LFE3
 1190 0010 00000000 		.4byte	.LFB4
 1191 0014 18000000 		.4byte	.LFE4
 1192 0018 00000000 		.4byte	.LFB5
 1193 001c 08000000 		.4byte	.LFE5
 1194 0020 00000000 		.4byte	.LFB6
ARM GAS  C:\Users\Lonnie\AppData\Local\Temp\ccvS9lU2.s 			page 29


 1195 0024 18000000 		.4byte	.LFE6
 1196 0028 00000000 		.4byte	.LFB7
 1197 002c 14000000 		.4byte	.LFE7
 1198 0030 00000000 		.4byte	.LFB8
 1199 0034 4C000000 		.4byte	.LFE8
 1200 0038 00000000 		.4byte	.LFB9
 1201 003c 2C000000 		.4byte	.LFE9
 1202 0040 00000000 		.4byte	.LFB10
 1203 0044 14000000 		.4byte	.LFE10
 1204 0048 00000000 		.4byte	.LFB11
 1205 004c 20000000 		.4byte	.LFE11
 1206 0050 00000000 		.4byte	.LFB12
 1207 0054 14000000 		.4byte	.LFE12
 1208 0058 00000000 		.4byte	.LFB13
 1209 005c 14000000 		.4byte	.LFE13
 1210 0060 00000000 		.4byte	.LFB14
 1211 0064 14000000 		.4byte	.LFE14
 1212 0068 00000000 		.4byte	0
 1213 006c 00000000 		.4byte	0
 1214              		.section	.debug_line,"",%progbits
 1215              	.Ldebug_line0:
 1216 0000 6B010000 		.section	.debug_str,"MS",%progbits,1
 1216      02005D00 
 1216      00000201 
 1216      FB0E0D00 
 1216      01010101 
 1217              	.LASF14:
 1218 0000 72656733 		.ascii	"reg32\000"
 1218      3200
 1219              	.LASF37:
 1220 0006 43795261 		.ascii	"CyRamVectors\000"
 1220      6D566563 
 1220      746F7273 
 1220      00
 1221              	.LASF18:
 1222 0013 4144435F 		.ascii	"ADC_IRQ_Stop\000"
 1222      4952515F 
 1222      53746F70 
 1222      00
 1223              	.LASF21:
 1224 0020 4144435F 		.ascii	"ADC_IRQ_SetVector\000"
 1224      4952515F 
 1224      53657456 
 1224      6563746F 
 1224      7200
 1225              	.LASF3:
 1226 0032 73686F72 		.ascii	"short unsigned int\000"
 1226      7420756E 
 1226      7369676E 
 1226      65642069 
 1226      6E7400
 1227              	.LASF29:
 1228 0045 4144435F 		.ascii	"ADC_IRQ_GetState\000"
 1228      4952515F 
 1228      47657453 
 1228      74617465 
 1228      00
ARM GAS  C:\Users\Lonnie\AppData\Local\Temp\ccvS9lU2.s 			page 30


 1229              	.LASF34:
 1230 0056 2E5C4765 		.ascii	".\\Generated_Source\\PSoC4\\ADC_IRQ.c\000"
 1230      6E657261 
 1230      7465645F 
 1230      536F7572 
 1230      63655C50 
 1231              	.LASF28:
 1232 0079 4144435F 		.ascii	"ADC_IRQ_GetVector\000"
 1232      4952515F 
 1232      47657456 
 1232      6563746F 
 1232      7200
 1233              	.LASF19:
 1234 008b 4144435F 		.ascii	"ADC_IRQ_Interrupt\000"
 1234      4952515F 
 1234      496E7465 
 1234      72727570 
 1234      7400
 1235              	.LASF11:
 1236 009d 666C6F61 		.ascii	"float\000"
 1236      7400
 1237              	.LASF1:
 1238 00a3 756E7369 		.ascii	"unsigned char\000"
 1238      676E6564 
 1238      20636861 
 1238      7200
 1239              	.LASF25:
 1240 00b1 696E7465 		.ascii	"interruptState\000"
 1240      72727570 
 1240      74537461 
 1240      746500
 1241              	.LASF5:
 1242 00c0 6C6F6E67 		.ascii	"long unsigned int\000"
 1242      20756E73 
 1242      69676E65 
 1242      6420696E 
 1242      7400
 1243              	.LASF9:
 1244 00d2 75696E74 		.ascii	"uint8\000"
 1244      3800
 1245              	.LASF24:
 1246 00d8 7072696F 		.ascii	"priority\000"
 1246      72697479 
 1246      00
 1247              	.LASF31:
 1248 00e1 4144435F 		.ascii	"ADC_IRQ_SetPending\000"
 1248      4952515F 
 1248      53657450 
 1248      656E6469 
 1248      6E6700
 1249              	.LASF32:
 1250 00f4 4144435F 		.ascii	"ADC_IRQ_ClearPending\000"
 1250      4952515F 
 1250      436C6561 
 1250      7250656E 
 1250      64696E67 
 1251              	.LASF12:
ARM GAS  C:\Users\Lonnie\AppData\Local\Temp\ccvS9lU2.s 			page 31


 1252 0109 646F7562 		.ascii	"double\000"
 1252      6C6500
 1253              	.LASF17:
 1254 0110 4144435F 		.ascii	"ADC_IRQ_Start\000"
 1254      4952515F 
 1254      53746172 
 1254      7400
 1255              	.LASF33:
 1256 011e 474E5520 		.ascii	"GNU C 4.9.3 20150303 (release) [ARM/embedded-4_9-br"
 1256      4320342E 
 1256      392E3320 
 1256      32303135 
 1256      30333033 
 1257 0151 616E6368 		.ascii	"anch revision 221220] -mcpu=cortex-m0 -mthumb -g -O"
 1257      20726576 
 1257      6973696F 
 1257      6E203232 
 1257      31323230 
 1258 0184 30202D66 		.ascii	"0 -ffunction-sections -ffat-lto-objects\000"
 1258      66756E63 
 1258      74696F6E 
 1258      2D736563 
 1258      74696F6E 
 1259              	.LASF36:
 1260 01ac 4144435F 		.ascii	"ADC_IRQ_GetPriority\000"
 1260      4952515F 
 1260      47657450 
 1260      72696F72 
 1260      69747900 
 1261              	.LASF10:
 1262 01c0 75696E74 		.ascii	"uint32\000"
 1262      333200
 1263              	.LASF8:
 1264 01c7 756E7369 		.ascii	"unsigned int\000"
 1264      676E6564 
 1264      20696E74 
 1264      00
 1265              	.LASF22:
 1266 01d4 61646472 		.ascii	"address\000"
 1266      65737300 
 1267              	.LASF7:
 1268 01dc 6C6F6E67 		.ascii	"long long unsigned int\000"
 1268      206C6F6E 
 1268      6720756E 
 1268      7369676E 
 1268      65642069 
 1269              	.LASF15:
 1270 01f3 63796973 		.ascii	"cyisraddress\000"
 1270      72616464 
 1270      72657373 
 1270      00
 1271              	.LASF20:
 1272 0200 4144435F 		.ascii	"ADC_IRQ_StartEx\000"
 1272      4952515F 
 1272      53746172 
 1272      74457800 
 1273              	.LASF16:
ARM GAS  C:\Users\Lonnie\AppData\Local\Temp\ccvS9lU2.s 			page 32


 1274 0210 73697A65 		.ascii	"sizetype\000"
 1274      74797065 
 1274      00
 1275              	.LASF6:
 1276 0219 6C6F6E67 		.ascii	"long long int\000"
 1276      206C6F6E 
 1276      6720696E 
 1276      7400
 1277              	.LASF13:
 1278 0227 63686172 		.ascii	"char\000"
 1278      00
 1279              	.LASF2:
 1280 022c 73686F72 		.ascii	"short int\000"
 1280      7420696E 
 1280      7400
 1281              	.LASF30:
 1282 0236 4144435F 		.ascii	"ADC_IRQ_Disable\000"
 1282      4952515F 
 1282      44697361 
 1282      626C6500 
 1283              	.LASF26:
 1284 0246 7072696F 		.ascii	"priorityOffset\000"
 1284      72697479 
 1284      4F666673 
 1284      657400
 1285              	.LASF4:
 1286 0255 6C6F6E67 		.ascii	"long int\000"
 1286      20696E74 
 1286      00
 1287              	.LASF35:
 1288 025e 433A5C55 		.ascii	"C:\\Users\\Lonnie\\Desktop\\AN91184\\Health Thermom"
 1288      73657273 
 1288      5C4C6F6E 
 1288      6E69655C 
 1288      4465736B 
 1289 028c 65746572 		.ascii	"eter.cydsn\000"
 1289      2E637964 
 1289      736E00
 1290              	.LASF0:
 1291 0297 7369676E 		.ascii	"signed char\000"
 1291      65642063 
 1291      68617200 
 1292              	.LASF23:
 1293 02a3 4144435F 		.ascii	"ADC_IRQ_SetPriority\000"
 1293      4952515F 
 1293      53657450 
 1293      72696F72 
 1293      69747900 
 1294              	.LASF27:
 1295 02b7 4144435F 		.ascii	"ADC_IRQ_Enable\000"
 1295      4952515F 
 1295      456E6162 
 1295      6C6500
 1296              		.ident	"GCC: (GNU Tools for ARM Embedded Processors) 4.9.3 20150303 (release) [ARM/embedded-4_9-br
