--------------- Clean Started: 12/19/2015 15:07:33 Project: Health Thermometer, Configuration: ARM GCC 4.9-2015-q1-update Debug ---------------
Deleting file ".\CortexM0\ARM_GCC_493\Debug\main.o"
Deleting file ".\CortexM0\ARM_GCC_493\Debug\Temperature.o"
Deleting file ".\CortexM0\ARM_GCC_493\Debug\CommonFunctions.o"
Deleting file ".\CortexM0\ARM_GCC_493\Debug\cyfitter_cfg.o"
Deleting file ".\CortexM0\ARM_GCC_493\Debug\cymetadata.o"
Deleting file ".\CortexM0\ARM_GCC_493\Debug\ADC.o"
Deleting file ".\CortexM0\ARM_GCC_493\Debug\ADC_PM.o"
Deleting file ".\CortexM0\ARM_GCC_493\Debug\ADC_INT.o"
Deleting file ".\CortexM0\ARM_GCC_493\Debug\AMuxSeq.o"
Deleting file ".\CortexM0\ARM_GCC_493\Debug\Thermistor.o"
Deleting file ".\CortexM0\ARM_GCC_493\Debug\V_HIGH.o"
Deleting file ".\CortexM0\ARM_GCC_493\Debug\V_THERM.o"
Deleting file ".\CortexM0\ARM_GCC_493\Debug\V_LOW.o"
Deleting file ".\CortexM0\ARM_GCC_493\Debug\SW.o"
Deleting file ".\CortexM0\ARM_GCC_493\Debug\Wakeup_ISR.o"
Deleting file ".\CortexM0\ARM_GCC_493\Debug\ADC_IRQ.o"
Deleting file ".\CortexM0\ARM_GCC_493\Debug\ADC_intClock.o"
Deleting file ".\CortexM0\ARM_GCC_493\Debug\Cm0Start.o"
Deleting file ".\CortexM0\ARM_GCC_493\Debug\CyBootAsmGnu.o"
Deleting file ".\CortexM0\ARM_GCC_493\Debug\CyFlash.o"
Deleting file ".\CortexM0\ARM_GCC_493\Debug\CyLib.o"
Deleting file ".\CortexM0\ARM_GCC_493\Debug\cyPm.o"
Deleting file ".\CortexM0\ARM_GCC_493\Debug\cyutils.o"
Deleting file ".\CortexM0\ARM_GCC_493\Debug\UART.o"
Deleting file ".\CortexM0\ARM_GCC_493\Debug\UART_SPI_UART.o"
Deleting file ".\CortexM0\ARM_GCC_493\Debug\UART_SPI_UART_INT.o"
Deleting file ".\CortexM0\ARM_GCC_493\Debug\UART_PM.o"
Deleting file ".\CortexM0\ARM_GCC_493\Debug\UART_UART.o"
Deleting file ".\CortexM0\ARM_GCC_493\Debug\UART_BOOT.o"
Deleting file ".\CortexM0\ARM_GCC_493\Debug\UART_UART_BOOT.o"
Deleting file ".\CortexM0\ARM_GCC_493\Debug\UART_SCBCLK.o"
Deleting file ".\CortexM0\ARM_GCC_493\Debug\UART_tx.o"
Deleting file ".\CortexM0\ARM_GCC_493\Debug\UART_rx.o"
Deleting file ".\CortexM0\ARM_GCC_493\Debug\Health Thermometer.hex"
Deleting file ".\CortexM0\ARM_GCC_493\Debug\Health Thermometer.elf"
Deleting file ".\CortexM0\ARM_GCC_493\Debug\Health Thermometer.map"
Deleting file ".\Health Thermometer.cycdx"
Deleting file ".\Health Thermometer.svd"
Deleting file ".\Health Thermometer.rpt"
Deleting file ".\Health Thermometer_timing.html"
Deleting file ".\CortexM0\ARM_GCC_493\Debug\.deps\C_FILE.P"
Deleting file ".\CortexM0\ARM_GCC_493\Debug\.deps\ARM_C_FILE.P"
Deleting file ".\CortexM0\ARM_GCC_493\Debug\.deps\GNU_ARM_ASM_FILE.P"
--------------- Clean Succeeded: 12/19/2015 15:07:34 ---------------
